{"/home/travis/build/npmtest/node-npmtest-gulp-check-unused-css/test.js":{"path":"/home/travis/build/npmtest/node-npmtest-gulp-check-unused-css/test.js","s":{"1":2,"2":2,"3":2,"4":2,"5":2,"6":2,"7":2,"8":1,"9":2,"10":2,"11":1,"12":1,"13":1,"14":1,"15":2,"16":2,"17":2,"18":2,"19":1,"20":1,"21":2,"22":2,"23":2,"24":1,"25":1,"26":1,"27":1,"28":1,"29":1,"30":1,"31":1,"32":1,"33":1,"34":1,"35":1,"36":1,"37":1,"38":1,"39":2,"40":2,"41":1,"42":2,"43":2,"44":1,"45":2,"46":2,"47":1,"48":2,"49":2,"50":1,"51":1,"52":1,"53":1,"54":1},"b":{"1":[2,1,1,1],"2":[1,1,1,1],"3":[1,1],"4":[1,1],"5":[1,1],"6":[1,1],"7":[1,1],"8":[1,1],"9":[1,1],"10":[1,1,1],"11":[1,1],"12":[1,1],"13":[1,1],"14":[1,1],"15":[1,1],"16":[1,1],"17":[1,1]},"f":{"1":2,"2":2,"3":2,"4":2,"5":2,"6":1,"7":1,"8":1,"9":2,"10":2,"11":2,"12":2,"13":1},"fnMap":{"1":{"name":"(anonymous_1)","line":12,"loc":{"start":{"line":12,"column":1},"end":{"line":12,"column":13}}},"2":{"name":"(anonymous_2)","line":19,"loc":{"start":{"line":19,"column":5},"end":{"line":19,"column":17}}},"3":{"name":"(anonymous_3)","line":23,"loc":{"start":{"line":23,"column":24},"end":{"line":23,"column":36}}},"4":{"name":"(anonymous_4)","line":61,"loc":{"start":{"line":61,"column":5},"end":{"line":61,"column":17}}},"5":{"name":"(anonymous_5)","line":82,"loc":{"start":{"line":82,"column":5},"end":{"line":82,"column":17}}},"6":{"name":"(anonymous_6)","line":91,"loc":{"start":{"line":91,"column":77},"end":{"line":94,"column":10}}},"7":{"name":"(anonymous_7)","line":112,"loc":{"start":{"line":112,"column":83},"end":{"line":115,"column":10}},"skip":true},"8":{"name":"(anonymous_8)","line":123,"loc":{"start":{"line":123,"column":77},"end":{"line":126,"column":10}},"skip":true},"9":{"name":"(anonymous_9)","line":139,"loc":{"start":{"line":139,"column":12},"end":{"line":139,"column":40}},"skip":true},"10":{"name":"(anonymous_10)","line":147,"loc":{"start":{"line":147,"column":77},"end":{"line":150,"column":10}},"skip":true},"11":{"name":"(anonymous_11)","line":158,"loc":{"start":{"line":158,"column":83},"end":{"line":161,"column":10}},"skip":true},"12":{"name":"(anonymous_12)","line":169,"loc":{"start":{"line":169,"column":79},"end":{"line":172,"column":10}},"skip":true},"13":{"name":"(anonymous_13)","line":180,"loc":{"start":{"line":180,"column":75},"end":{"line":183,"column":10}},"skip":true}},"statementMap":{"1":{"start":{"line":12,"column":0},"end":{"line":195,"column":5}},"2":{"start":{"line":14,"column":4},"end":{"line":14,"column":14}},"3":{"start":{"line":19,"column":4},"end":{"line":56,"column":9}},"4":{"start":{"line":21,"column":8},"end":{"line":21,"column":19}},"5":{"start":{"line":23,"column":8},"end":{"line":35,"column":13}},"6":{"start":{"line":24,"column":12},"end":{"line":34,"column":13}},"7":{"start":{"line":25,"column":16},"end":{"line":28,"column":30}},"8":{"start":{"line":30,"column":16},"end":{"line":33,"column":27}},"9":{"start":{"line":37,"column":8},"end":{"line":39,"column":21}},"10":{"start":{"line":40,"column":8},"end":{"line":53,"column":9}},"11":{"start":{"line":43,"column":12},"end":{"line":46,"column":14}},"12":{"start":{"line":47,"column":12},"end":{"line":47,"column":18}},"13":{"start":{"line":50,"column":12},"end":{"line":51,"column":46}},"14":{"start":{"line":52,"column":12},"end":{"line":52,"column":18}},"15":{"start":{"line":55,"column":8},"end":{"line":55,"column":35}},"16":{"start":{"line":61,"column":4},"end":{"line":63,"column":9}},"17":{"start":{"line":62,"column":8},"end":{"line":62,"column":15}},"18":{"start":{"line":64,"column":4},"end":{"line":77,"column":5}},"19":{"start":{"line":70,"column":8},"end":{"line":70,"column":14}},"20":{"start":{"line":76,"column":8},"end":{"line":76,"column":14}},"21":{"start":{"line":82,"column":4},"end":{"line":84,"column":9}},"22":{"start":{"line":83,"column":8},"end":{"line":83,"column":15}},"23":{"start":{"line":85,"column":4},"end":{"line":194,"column":5}},"24":{"start":{"line":91,"column":8},"end":{"line":99,"column":10}},"25":{"start":{"line":98,"column":12},"end":{"line":98,"column":35}},"26":{"start":{"line":102,"column":8},"end":{"line":104,"column":63}},"27":{"start":{"line":105,"column":8},"end":{"line":105,"column":14}},"28":{"start":{"line":112,"column":8},"end":{"line":121,"column":10},"skip":true},"29":{"start":{"line":119,"column":12},"end":{"line":119,"column":55},"skip":true},"30":{"start":{"line":120,"column":12},"end":{"line":120,"column":48},"skip":true},"31":{"start":{"line":123,"column":8},"end":{"line":136,"column":10},"skip":true},"32":{"start":{"line":130,"column":12},"end":{"line":130,"column":76},"skip":true},"33":{"start":{"line":131,"column":12},"end":{"line":131,"column":73},"skip":true},"34":{"start":{"line":132,"column":12},"end":{"line":132,"column":74},"skip":true},"35":{"start":{"line":133,"column":12},"end":{"line":133,"column":79},"skip":true},"36":{"start":{"line":134,"column":12},"end":{"line":134,"column":25},"skip":true},"37":{"start":{"line":135,"column":12},"end":{"line":135,"column":45},"skip":true},"38":{"start":{"line":138,"column":8},"end":{"line":145,"column":14},"skip":true},"39":{"start":{"line":143,"column":16},"end":{"line":143,"column":29},"skip":true},"40":{"start":{"line":144,"column":16},"end":{"line":144,"column":55},"skip":true},"41":{"start":{"line":147,"column":8},"end":{"line":156,"column":10},"skip":true},"42":{"start":{"line":154,"column":12},"end":{"line":154,"column":25},"skip":true},"43":{"start":{"line":155,"column":12},"end":{"line":155,"column":45},"skip":true},"44":{"start":{"line":158,"column":8},"end":{"line":167,"column":10},"skip":true},"45":{"start":{"line":165,"column":12},"end":{"line":165,"column":25},"skip":true},"46":{"start":{"line":166,"column":12},"end":{"line":166,"column":48},"skip":true},"47":{"start":{"line":169,"column":8},"end":{"line":178,"column":10},"skip":true},"48":{"start":{"line":176,"column":12},"end":{"line":176,"column":25},"skip":true},"49":{"start":{"line":177,"column":12},"end":{"line":177,"column":46},"skip":true},"50":{"start":{"line":180,"column":8},"end":{"line":189,"column":10},"skip":true},"51":{"start":{"line":187,"column":12},"end":{"line":187,"column":94},"skip":true},"52":{"start":{"line":188,"column":12},"end":{"line":188,"column":48},"skip":true},"53":{"start":{"line":192,"column":8},"end":{"line":192,"column":35},"skip":true},"54":{"start":{"line":193,"column":8},"end":{"line":193,"column":14},"skip":true}},"branchMap":{"1":{"line":25,"type":"binary-expr","locations":[{"start":{"line":25,"column":23},"end":{"line":25,"column":62}},{"start":{"line":26,"column":20},"end":{"line":26,"column":70}},{"start":{"line":27,"column":20},"end":{"line":27,"column":71}},{"start":{"line":28,"column":20},"end":{"line":28,"column":29}}]},"2":{"line":30,"type":"binary-expr","locations":[{"start":{"line":30,"column":23},"end":{"line":30,"column":37}},{"start":{"line":31,"column":20},"end":{"line":31,"column":61}},{"start":{"line":32,"column":20},"end":{"line":32,"column":70}},{"start":{"line":33,"column":20},"end":{"line":33,"column":26}}]},"3":{"line":37,"type":"cond-expr","locations":[{"start":{"line":38,"column":14},"end":{"line":38,"column":20}},{"start":{"line":39,"column":14},"end":{"line":39,"column":20}}]},"4":{"line":40,"type":"switch","locations":[{"start":{"line":42,"column":8},"end":{"line":47,"column":18}},{"start":{"line":49,"column":8},"end":{"line":52,"column":18}}]},"5":{"line":44,"type":"binary-expr","locations":[{"start":{"line":44,"column":16},"end":{"line":44,"column":44}},{"start":{"line":44,"column":48},"end":{"line":44,"column":66}}]},"6":{"line":50,"type":"binary-expr","locations":[{"start":{"line":50,"column":21},"end":{"line":50,"column":49}},{"start":{"line":50,"column":53},"end":{"line":50,"column":72}}]},"7":{"line":64,"type":"switch","locations":[{"start":{"line":69,"column":4},"end":{"line":70,"column":14}},{"start":{"line":75,"column":4},"end":{"line":76,"column":14}}]},"8":{"line":85,"type":"switch","locations":[{"start":{"line":90,"column":4},"end":{"line":105,"column":14}},{"start":{"line":111,"column":4},"end":{"line":193,"column":14},"skip":true}]},"9":{"line":91,"type":"binary-expr","locations":[{"start":{"line":91,"column":42},"end":{"line":91,"column":73}},{"start":{"line":91,"column":77},"end":{"line":99,"column":9}}]},"10":{"line":102,"type":"binary-expr","locations":[{"start":{"line":102,"column":18},"end":{"line":102,"column":32}},{"start":{"line":103,"column":12},"end":{"line":103,"column":53}},{"start":{"line":104,"column":12},"end":{"line":104,"column":61}}]},"11":{"line":112,"type":"binary-expr","locations":[{"start":{"line":112,"column":45},"end":{"line":112,"column":79},"skip":true},{"start":{"line":112,"column":83},"end":{"line":121,"column":9},"skip":true}]},"12":{"line":123,"type":"binary-expr","locations":[{"start":{"line":123,"column":42},"end":{"line":123,"column":73},"skip":true},{"start":{"line":123,"column":77},"end":{"line":136,"column":9},"skip":true}]},"13":{"line":138,"type":"binary-expr","locations":[{"start":{"line":138,"column":48},"end":{"line":138,"column":85},"skip":true},{"start":{"line":139,"column":12},"end":{"line":145,"column":13},"skip":true}]},"14":{"line":147,"type":"binary-expr","locations":[{"start":{"line":147,"column":42},"end":{"line":147,"column":73},"skip":true},{"start":{"line":147,"column":77},"end":{"line":156,"column":9},"skip":true}]},"15":{"line":158,"type":"binary-expr","locations":[{"start":{"line":158,"column":45},"end":{"line":158,"column":79},"skip":true},{"start":{"line":158,"column":83},"end":{"line":167,"column":9},"skip":true}]},"16":{"line":169,"type":"binary-expr","locations":[{"start":{"line":169,"column":43},"end":{"line":169,"column":75},"skip":true},{"start":{"line":169,"column":79},"end":{"line":178,"column":9},"skip":true}]},"17":{"line":180,"type":"binary-expr","locations":[{"start":{"line":180,"column":41},"end":{"line":180,"column":71},"skip":true},{"start":{"line":180,"column":75},"end":{"line":189,"column":9},"skip":true}]}},"code":["/* istanbul instrument in package npmtest_gulp_check_unused_css */","/*jslint","    bitwise: true,","    browser: true,","    maxerr: 8,","    maxlen: 96,","    node: true,","    nomen: true,","    regexp: true,","    stupid: true","*/","(function () {","    'use strict';","    var local;","","","","    // run shared js-env code - pre-init","    (function () {","        // init local","        local = {};","        // init modeJs","        local.modeJs = (function () {","            try {","                return typeof navigator.userAgent === 'string' &&","                    typeof document.querySelector('body') === 'object' &&","                    typeof XMLHttpRequest.prototype.open === 'function' &&","                    'browser';","            } catch (errorCaughtBrowser) {","                return module.exports &&","                    typeof process.versions.node === 'string' &&","                    typeof require('http').createServer === 'function' &&","                    'node';","            }","        }());","        // init global","        local.global = local.modeJs === 'browser'","            ? window","            : global;","        switch (local.modeJs) {","        // re-init local from window.local","        case 'browser':","            local = local.global.utility2.objectSetDefault(","                local.global.utility2_rollup || local.global.local,","                local.global.utility2","            );","            break;","        // re-init local from example.js","        case 'node':","            local = (local.global.utility2_rollup || require('utility2'))","                .requireExampleJsFromReadme();","            break;","        }","        // export local","        local.global.local = local;","    }());","","","","    // run shared js-env code - function","    (function () {","        return;","    }());","    switch (local.modeJs) {","","","","    // run browser js-env code - function","    case 'browser':","        break;","","","","    // run node js-env code - function","    case 'node':","        break;","    }","","","","    // run shared js-env code - post-init","    (function () {","        return;","    }());","    switch (local.modeJs) {","","","","    // run browser js-env code - post-init","    case 'browser':","        local.testCase_browser_nullCase = local.testCase_browser_nullCase || function (","            options,","            onError","        ) {","        /*","         * this function will test browsers's null-case handling-behavior-behavior","         */","            onError(null, options);","        };","","        // run tests","        local.nop(local.modeTest &&","            document.querySelector('#testRunButton1') &&","            document.querySelector('#testRunButton1').click());","        break;","","","","    // run node js-env code - post-init","    /* istanbul ignore next */","    case 'node':","        local.testCase_buildApidoc_default = local.testCase_buildApidoc_default || function (","            options,","            onError","        ) {","        /*","         * this function will test buildApidoc's default handling-behavior-behavior","         */","            options = { modulePathList: module.paths };","            local.buildApidoc(options, onError);","        };","","        local.testCase_buildApp_default = local.testCase_buildApp_default || function (","            options,","            onError","        ) {","        /*","         * this function will test buildApp's default handling-behavior-behavior","         */","            local.testCase_buildReadme_default(options, local.onErrorThrow);","            local.testCase_buildLib_default(options, local.onErrorThrow);","            local.testCase_buildTest_default(options, local.onErrorThrow);","            local.testCase_buildCustomOrg_default(options, local.onErrorThrow);","            options = [];","            local.buildApp(options, onError);","        };","","        local.testCase_buildCustomOrg_default = local.testCase_buildCustomOrg_default ||","            function (options, onError) {","            /*","             * this function will test buildCustomOrg's default handling-behavior","             */","                options = {};","                local.buildCustomOrg(options, onError);","            };","","        local.testCase_buildLib_default = local.testCase_buildLib_default || function (","            options,","            onError","        ) {","        /*","         * this function will test buildLib's default handling-behavior","         */","            options = {};","            local.buildLib(options, onError);","        };","","        local.testCase_buildReadme_default = local.testCase_buildReadme_default || function (","            options,","            onError","        ) {","        /*","         * this function will test buildReadme's default handling-behavior-behavior","         */","            options = {};","            local.buildReadme(options, onError);","        };","","        local.testCase_buildTest_default = local.testCase_buildTest_default || function (","            options,","            onError","        ) {","        /*","         * this function will test buildTest's default handling-behavior","         */","            options = {};","            local.buildTest(options, onError);","        };","","        local.testCase_webpage_default = local.testCase_webpage_default || function (","            options,","            onError","        ) {","        /*","         * this function will test webpage's default handling-behavior","         */","            options = { modeCoverageMerge: true, url: local.serverLocalHost + '?modeTest=1' };","            local.browserTest(options, onError);","        };","","        // run test-server","        local.testRunServer(local);","        break;","    }","}());",""],"l":{"12":2,"14":2,"19":2,"21":2,"23":2,"24":2,"25":2,"30":1,"37":2,"40":2,"43":1,"47":1,"50":1,"52":1,"55":2,"61":2,"62":2,"64":2,"70":1,"76":1,"82":2,"83":2,"85":2,"91":1,"98":1,"102":1,"105":1,"112":1,"119":1,"120":1,"123":1,"130":1,"131":1,"132":1,"133":1,"134":1,"135":1,"138":1,"143":2,"144":2,"147":1,"154":2,"155":2,"158":1,"165":2,"166":2,"169":1,"176":2,"177":2,"180":1,"187":1,"188":1,"192":1,"193":1}},"/home/travis/build/npmtest/node-npmtest-gulp-check-unused-css/lib.npmtest_gulp_check_unused_css.js":{"path":"/home/travis/build/npmtest/node-npmtest-gulp-check-unused-css/lib.npmtest_gulp_check_unused_css.js","s":{"1":2,"2":2,"3":2,"4":2,"5":2,"6":2,"7":2,"8":1,"9":2,"10":2,"11":2,"12":2,"13":1,"14":1,"15":1,"16":1},"b":{"1":[2,1,1,1],"2":[1,1,1,1],"3":[1,1],"4":[2,2],"5":[1,1]},"f":{"1":2,"2":2,"3":2},"fnMap":{"1":{"name":"(anonymous_1)","line":12,"loc":{"start":{"line":12,"column":1},"end":{"line":12,"column":13}}},"2":{"name":"(anonymous_2)","line":19,"loc":{"start":{"line":19,"column":5},"end":{"line":19,"column":17}}},"3":{"name":"(anonymous_3)","line":23,"loc":{"start":{"line":23,"column":24},"end":{"line":23,"column":36}}}},"statementMap":{"1":{"start":{"line":12,"column":0},"end":{"line":53,"column":5}},"2":{"start":{"line":14,"column":4},"end":{"line":14,"column":14}},"3":{"start":{"line":19,"column":4},"end":{"line":52,"column":9}},"4":{"start":{"line":21,"column":8},"end":{"line":21,"column":19}},"5":{"start":{"line":23,"column":8},"end":{"line":35,"column":13}},"6":{"start":{"line":24,"column":12},"end":{"line":34,"column":13}},"7":{"start":{"line":25,"column":16},"end":{"line":28,"column":30}},"8":{"start":{"line":30,"column":16},"end":{"line":33,"column":27}},"9":{"start":{"line":37,"column":8},"end":{"line":39,"column":21}},"10":{"start":{"line":41,"column":8},"end":{"line":41,"column":54}},"11":{"start":{"line":43,"column":8},"end":{"line":43,"column":66}},"12":{"start":{"line":45,"column":8},"end":{"line":51,"column":9}},"13":{"start":{"line":46,"column":12},"end":{"line":46,"column":72}},"14":{"start":{"line":48,"column":12},"end":{"line":48,"column":35}},"15":{"start":{"line":49,"column":12},"end":{"line":49,"column":49}},"16":{"start":{"line":50,"column":12},"end":{"line":50,"column":43}}},"branchMap":{"1":{"line":25,"type":"binary-expr","locations":[{"start":{"line":25,"column":23},"end":{"line":25,"column":62}},{"start":{"line":26,"column":20},"end":{"line":26,"column":70}},{"start":{"line":27,"column":20},"end":{"line":27,"column":71}},{"start":{"line":28,"column":20},"end":{"line":28,"column":29}}]},"2":{"line":30,"type":"binary-expr","locations":[{"start":{"line":30,"column":23},"end":{"line":30,"column":37}},{"start":{"line":31,"column":20},"end":{"line":31,"column":61}},{"start":{"line":32,"column":20},"end":{"line":32,"column":70}},{"start":{"line":33,"column":20},"end":{"line":33,"column":26}}]},"3":{"line":37,"type":"cond-expr","locations":[{"start":{"line":38,"column":14},"end":{"line":38,"column":20}},{"start":{"line":39,"column":14},"end":{"line":39,"column":20}}]},"4":{"line":41,"type":"binary-expr","locations":[{"start":{"line":41,"column":16},"end":{"line":41,"column":44}},{"start":{"line":41,"column":48},"end":{"line":41,"column":53}}]},"5":{"line":45,"type":"if","locations":[{"start":{"line":45,"column":8},"end":{"line":45,"column":8}},{"start":{"line":45,"column":8},"end":{"line":45,"column":8}}]}},"code":["/* istanbul instrument in package npmtest_gulp_check_unused_css */","/*jslint","    bitwise: true,","    browser: true,","    maxerr: 8,","    maxlen: 96,","    node: true,","    nomen: true,","    regexp: true,","    stupid: true","*/","(function () {","    'use strict';","    var local;","","","","    // run shared js-env code - pre-init","    (function () {","        // init local","        local = {};","        // init modeJs","        local.modeJs = (function () {","            try {","                return typeof navigator.userAgent === 'string' &&","                    typeof document.querySelector('body') === 'object' &&","                    typeof XMLHttpRequest.prototype.open === 'function' &&","                    'browser';","            } catch (errorCaughtBrowser) {","                return module.exports &&","                    typeof process.versions.node === 'string' &&","                    typeof require('http').createServer === 'function' &&","                    'node';","            }","        }());","        // init global","        local.global = local.modeJs === 'browser'","            ? window","            : global;","        // init utility2_rollup","        local = local.global.utility2_rollup || local;","        // init lib","        local.local = local.npmtest_gulp_check_unused_css = local;","        // init exports","        if (local.modeJs === 'browser') {","            local.global.utility2_npmtest_gulp_check_unused_css = local;","        } else {","            module.exports = local;","            module.exports.__dirname = __dirname;","            module.exports.module = module;","        }","    }());","}());",""],"l":{"12":2,"14":2,"19":2,"21":2,"23":2,"24":2,"25":2,"30":1,"37":2,"41":2,"43":2,"45":2,"46":1,"48":1,"49":1,"50":1}},"/home/travis/build/npmtest/node-npmtest-gulp-check-unused-css/example.js":{"path":"/home/travis/build/npmtest/node-npmtest-gulp-check-unused-css/example.js","s":{"1":2,"2":2,"3":2,"4":2,"5":2,"6":2,"7":2,"8":1,"9":2,"10":2,"11":2,"12":2,"13":1,"14":2,"15":2,"16":2,"17":2,"18":2,"19":0,"20":2,"21":1,"22":1,"23":1,"24":1,"25":1,"26":0,"27":0,"28":1,"29":1,"30":2,"31":0,"32":0,"33":0,"34":1,"35":2,"36":2,"37":3,"38":3,"39":3,"40":3,"41":0,"42":3,"43":3,"44":3,"45":1,"46":3,"47":1,"48":1,"49":1,"50":1,"51":1,"52":1,"53":1,"54":1,"55":1,"56":1,"57":0,"58":1,"59":6,"60":6,"61":1,"62":2,"63":0,"64":2,"65":1,"66":1,"67":0,"68":0,"69":0,"70":0,"71":0,"72":0,"73":0,"74":0,"75":0,"76":0,"77":0,"78":0,"79":0,"80":0,"81":0,"82":0,"83":0},"b":{"1":[2,1,1,1],"2":[1,1,1,1],"3":[1,1],"4":[2,2],"5":[1,1],"6":[1,1],"7":[2,0],"8":[2,1,1,1,1,1],"9":[0,2,0],"10":[1,1],"11":[2,1,1],"12":[1,0],"13":[0,2],"14":[2,0,0,0,0,0,0],"15":[0,3],"16":[3,0],"17":[1,1],"18":[0,1],"19":[1,2,0,2],"20":[1,0],"21":[1,1],"22":[0,0],"23":[0,0],"24":[0,0],"25":[0,0],"26":[0,0],"27":[0,0],"28":[0,0]},"f":{"1":2,"2":2,"3":2,"4":2,"5":2,"6":2,"7":3,"8":3,"9":3,"10":1,"11":6,"12":0},"fnMap":{"1":{"name":"(anonymous_1)","line":26,"loc":{"start":{"line":26,"column":1},"end":{"line":26,"column":13}}},"2":{"name":"(anonymous_2)","line":33,"loc":{"start":{"line":33,"column":5},"end":{"line":33,"column":17}}},"3":{"name":"(anonymous_3)","line":37,"loc":{"start":{"line":37,"column":24},"end":{"line":37,"column":36}}},"4":{"name":"(anonymous_4)","line":69,"loc":{"start":{"line":69,"column":31},"end":{"line":69,"column":48}},"skip":true},"5":{"name":"(anonymous_5)","line":78,"loc":{"start":{"line":78,"column":26},"end":{"line":78,"column":45}},"skip":true},"6":{"name":"(anonymous_6)","line":123,"loc":{"start":{"line":123,"column":33},"end":{"line":123,"column":48}},"skip":true},"7":{"name":"(anonymous_7)","line":125,"loc":{"start":{"line":125,"column":27},"end":{"line":125,"column":39}},"skip":true},"8":{"name":"(anonymous_8)","line":133,"loc":{"start":{"line":133,"column":59},"end":{"line":133,"column":74}},"skip":true},"9":{"name":"(anonymous_9)","line":143,"loc":{"start":{"line":143,"column":45},"end":{"line":143,"column":62}},"skip":true},"10":{"name":"(anonymous_10)","line":144,"loc":{"start":{"line":144,"column":73},"end":{"line":144,"column":92}},"skip":true},"11":{"name":"(anonymous_11)","line":272,"loc":{"start":{"line":272,"column":51},"end":{"line":272,"column":77}},"skip":true},"12":{"name":"(anonymous_12)","line":315,"loc":{"start":{"line":315,"column":32},"end":{"line":315,"column":61}},"skip":true}},"statementMap":{"1":{"start":{"line":26,"column":0},"end":{"line":326,"column":5}},"2":{"start":{"line":28,"column":4},"end":{"line":28,"column":14}},"3":{"start":{"line":33,"column":4},"end":{"line":60,"column":9}},"4":{"start":{"line":35,"column":8},"end":{"line":35,"column":19}},"5":{"start":{"line":37,"column":8},"end":{"line":49,"column":13}},"6":{"start":{"line":38,"column":12},"end":{"line":48,"column":13}},"7":{"start":{"line":39,"column":16},"end":{"line":42,"column":30}},"8":{"start":{"line":44,"column":16},"end":{"line":47,"column":27}},"9":{"start":{"line":51,"column":8},"end":{"line":53,"column":21}},"10":{"start":{"line":55,"column":8},"end":{"line":57,"column":45}},"11":{"start":{"line":59,"column":8},"end":{"line":59,"column":35}},"12":{"start":{"line":61,"column":4},"end":{"line":325,"column":5}},"13":{"start":{"line":69,"column":8},"end":{"line":121,"column":10},"skip":true},"14":{"start":{"line":70,"column":12},"end":{"line":88,"column":13},"skip":true},"15":{"start":{"line":76,"column":16},"end":{"line":87,"column":19},"skip":true},"16":{"start":{"line":79,"column":20},"end":{"line":86,"column":21},"skip":true},"17":{"start":{"line":82,"column":24},"end":{"line":82,"column":43},"skip":true},"18":{"start":{"line":83,"column":24},"end":{"line":83,"column":30},"skip":true},"19":{"start":{"line":85,"column":24},"end":{"line":85,"column":49},"skip":true},"20":{"start":{"line":89,"column":12},"end":{"line":107,"column":13},"skip":true},"21":{"start":{"line":92,"column":16},"end":{"line":102,"column":17},"skip":true},"22":{"start":{"line":93,"column":20},"end":{"line":93,"column":86},"skip":true},"23":{"start":{"line":94,"column":20},"end":{"line":95,"column":45},"skip":true},"24":{"start":{"line":96,"column":20},"end":{"line":96,"column":42},"skip":true},"25":{"start":{"line":97,"column":20},"end":{"line":97,"column":48},"skip":true},"26":{"start":{"line":100,"column":20},"end":{"line":100,"column":85},"skip":true},"27":{"start":{"line":101,"column":20},"end":{"line":101,"column":96},"skip":true},"28":{"start":{"line":103,"column":16},"end":{"line":103,"column":22},"skip":true},"29":{"start":{"line":106,"column":16},"end":{"line":106,"column":22},"skip":true},"30":{"start":{"line":108,"column":12},"end":{"line":120,"column":13},"skip":true},"31":{"start":{"line":114,"column":16},"end":{"line":119,"column":17},"skip":true},"32":{"start":{"line":116,"column":20},"end":{"line":116,"column":78},"skip":true},"33":{"start":{"line":118,"column":20},"end":{"line":118,"column":47},"skip":true},"34":{"start":{"line":123,"column":8},"end":{"line":141,"column":11},"skip":true},"35":{"start":{"line":124,"column":12},"end":{"line":124,"column":54},"skip":true},"36":{"start":{"line":125,"column":12},"end":{"line":140,"column":14},"skip":true},"37":{"start":{"line":126,"column":16},"end":{"line":126,"column":28},"skip":true},"38":{"start":{"line":127,"column":16},"end":{"line":127,"column":69},"skip":true},"39":{"start":{"line":128,"column":16},"end":{"line":128,"column":75},"skip":true},"40":{"start":{"line":129,"column":16},"end":{"line":131,"column":17},"skip":true},"41":{"start":{"line":130,"column":20},"end":{"line":130,"column":27},"skip":true},"42":{"start":{"line":133,"column":16},"end":{"line":137,"column":36},"skip":true},"43":{"start":{"line":134,"column":20},"end":{"line":136,"column":55},"skip":true},"44":{"start":{"line":139,"column":16},"end":{"line":139,"column":57},"skip":true},"45":{"start":{"line":143,"column":8},"end":{"line":147,"column":11},"skip":true},"46":{"start":{"line":144,"column":12},"end":{"line":146,"column":15},"skip":true},"47":{"start":{"line":145,"column":16},"end":{"line":145,"column":70},"skip":true},"48":{"start":{"line":149,"column":8},"end":{"line":149,"column":31},"skip":true},"49":{"start":{"line":150,"column":8},"end":{"line":150,"column":14},"skip":true},"50":{"start":{"line":158,"column":8},"end":{"line":158,"column":31},"skip":true},"51":{"start":{"line":160,"column":8},"end":{"line":160,"column":33},"skip":true},"52":{"start":{"line":161,"column":8},"end":{"line":161,"column":37},"skip":true},"53":{"start":{"line":162,"column":8},"end":{"line":162,"column":35},"skip":true},"54":{"start":{"line":164,"column":8},"end":{"line":164,"column":50},"skip":true},"55":{"start":{"line":166,"column":8},"end":{"line":256,"column":2},"skip":true},"56":{"start":{"line":258,"column":8},"end":{"line":286,"column":9},"skip":true},"57":{"start":{"line":259,"column":12},"end":{"line":269,"column":14},"skip":true},"58":{"start":{"line":271,"column":12},"end":{"line":285,"column":19},"skip":true},"59":{"start":{"line":274,"column":20},"end":{"line":274,"column":35},"skip":true},"60":{"start":{"line":275,"column":20},"end":{"line":284,"column":21},"skip":true},"61":{"start":{"line":277,"column":24},"end":{"line":277,"column":64},"skip":true},"62":{"start":{"line":279,"column":24},"end":{"line":279,"column":40},"skip":true},"63":{"start":{"line":281,"column":24},"end":{"line":281,"column":40},"skip":true},"64":{"start":{"line":283,"column":24},"end":{"line":283,"column":39},"skip":true},"65":{"start":{"line":288,"column":8},"end":{"line":290,"column":9},"skip":true},"66":{"start":{"line":289,"column":12},"end":{"line":289,"column":18},"skip":true},"67":{"start":{"line":291,"column":8},"end":{"line":293,"column":54},"skip":true},"68":{"start":{"line":296,"column":8},"end":{"line":301,"column":37},"skip":true},"69":{"start":{"line":303,"column":8},"end":{"line":303,"column":82},"skip":true},"70":{"start":{"line":306,"column":8},"end":{"line":308,"column":9},"skip":true},"71":{"start":{"line":307,"column":12},"end":{"line":307,"column":82},"skip":true},"72":{"start":{"line":310,"column":8},"end":{"line":312,"column":9},"skip":true},"73":{"start":{"line":311,"column":12},"end":{"line":311,"column":18},"skip":true},"74":{"start":{"line":313,"column":8},"end":{"line":313,"column":54},"skip":true},"75":{"start":{"line":314,"column":8},"end":{"line":314,"column":69},"skip":true},"76":{"start":{"line":315,"column":8},"end":{"line":323,"column":36},"skip":true},"77":{"start":{"line":316,"column":12},"end":{"line":316,"column":61},"skip":true},"78":{"start":{"line":317,"column":12},"end":{"line":320,"column":13},"skip":true},"79":{"start":{"line":318,"column":16},"end":{"line":318,"column":75},"skip":true},"80":{"start":{"line":319,"column":16},"end":{"line":319,"column":23},"skip":true},"81":{"start":{"line":321,"column":12},"end":{"line":321,"column":38},"skip":true},"82":{"start":{"line":322,"column":12},"end":{"line":322,"column":27},"skip":true},"83":{"start":{"line":324,"column":8},"end":{"line":324,"column":14},"skip":true}},"branchMap":{"1":{"line":39,"type":"binary-expr","locations":[{"start":{"line":39,"column":23},"end":{"line":39,"column":62}},{"start":{"line":40,"column":20},"end":{"line":40,"column":70}},{"start":{"line":41,"column":20},"end":{"line":41,"column":71}},{"start":{"line":42,"column":20},"end":{"line":42,"column":29}}]},"2":{"line":44,"type":"binary-expr","locations":[{"start":{"line":44,"column":23},"end":{"line":44,"column":37}},{"start":{"line":45,"column":20},"end":{"line":45,"column":61}},{"start":{"line":46,"column":20},"end":{"line":46,"column":70}},{"start":{"line":47,"column":20},"end":{"line":47,"column":26}}]},"3":{"line":51,"type":"cond-expr","locations":[{"start":{"line":52,"column":14},"end":{"line":52,"column":20}},{"start":{"line":53,"column":14},"end":{"line":53,"column":20}}]},"4":{"line":55,"type":"binary-expr","locations":[{"start":{"line":55,"column":16},"end":{"line":55,"column":44}},{"start":{"line":55,"column":49},"end":{"line":57,"column":43}}]},"5":{"line":55,"type":"cond-expr","locations":[{"start":{"line":56,"column":14},"end":{"line":56,"column":65}},{"start":{"line":57,"column":14},"end":{"line":57,"column":43}}]},"6":{"line":61,"type":"switch","locations":[{"start":{"line":68,"column":4},"end":{"line":150,"column":14},"skip":true},{"start":{"line":156,"column":4},"end":{"line":324,"column":14},"skip":true}]},"7":{"line":70,"type":"if","locations":[{"start":{"line":70,"column":12},"end":{"line":70,"column":12},"skip":true},{"start":{"line":70,"column":12},"end":{"line":70,"column":12},"skip":true}]},"8":{"line":70,"type":"binary-expr","locations":[{"start":{"line":70,"column":16},"end":{"line":70,"column":22},"skip":true},{"start":{"line":70,"column":27},"end":{"line":70,"column":32},"skip":true},{"start":{"line":71,"column":20},"end":{"line":71,"column":39},"skip":true},{"start":{"line":72,"column":20},"end":{"line":72,"column":49},"skip":true},{"start":{"line":73,"column":20},"end":{"line":73,"column":58},"skip":true},{"start":{"line":74,"column":20},"end":{"line":74,"column":69},"skip":true}]},"9":{"line":79,"type":"switch","locations":[{"start":{"line":80,"column":20},"end":{"line":80,"column":33},"skip":true},{"start":{"line":81,"column":20},"end":{"line":83,"column":30},"skip":true},{"start":{"line":84,"column":20},"end":{"line":85,"column":49},"skip":true}]},"10":{"line":89,"type":"switch","locations":[{"start":{"line":90,"column":12},"end":{"line":103,"column":22},"skip":true},{"start":{"line":105,"column":12},"end":{"line":106,"column":22},"skip":true}]},"11":{"line":89,"type":"binary-expr","locations":[{"start":{"line":89,"column":20},"end":{"line":89,"column":25},"skip":true},{"start":{"line":89,"column":29},"end":{"line":89,"column":48},"skip":true},{"start":{"line":89,"column":52},"end":{"line":89,"column":74},"skip":true}]},"12":{"line":92,"type":"if","locations":[{"start":{"line":92,"column":16},"end":{"line":92,"column":16},"skip":true},{"start":{"line":92,"column":16},"end":{"line":92,"column":16},"skip":true}]},"13":{"line":108,"type":"if","locations":[{"start":{"line":108,"column":12},"end":{"line":108,"column":12},"skip":true},{"start":{"line":108,"column":12},"end":{"line":108,"column":12},"skip":true}]},"14":{"line":108,"type":"binary-expr","locations":[{"start":{"line":108,"column":16},"end":{"line":108,"column":61},"skip":true},{"start":{"line":108,"column":66},"end":{"line":108,"column":72},"skip":true},{"start":{"line":108,"column":77},"end":{"line":108,"column":82},"skip":true},{"start":{"line":109,"column":20},"end":{"line":109,"column":39},"skip":true},{"start":{"line":110,"column":20},"end":{"line":110,"column":49},"skip":true},{"start":{"line":111,"column":20},"end":{"line":111,"column":58},"skip":true},{"start":{"line":112,"column":20},"end":{"line":112,"column":68},"skip":true}]},"15":{"line":129,"type":"if","locations":[{"start":{"line":129,"column":16},"end":{"line":129,"column":16},"skip":true},{"start":{"line":129,"column":16},"end":{"line":129,"column":16},"skip":true}]},"16":{"line":134,"type":"cond-expr","locations":[{"start":{"line":135,"column":26},"end":{"line":135,"column":29},"skip":true},{"start":{"line":136,"column":26},"end":{"line":136,"column":54},"skip":true}]},"17":{"line":164,"type":"binary-expr","locations":[{"start":{"line":164,"column":27},"end":{"line":164,"column":43},"skip":true},{"start":{"line":164,"column":47},"end":{"line":164,"column":49},"skip":true}]},"18":{"line":258,"type":"if","locations":[{"start":{"line":258,"column":8},"end":{"line":258,"column":8},"skip":true},{"start":{"line":258,"column":8},"end":{"line":258,"column":8},"skip":true}]},"19":{"line":275,"type":"switch","locations":[{"start":{"line":276,"column":20},"end":{"line":277,"column":64},"skip":true},{"start":{"line":278,"column":20},"end":{"line":279,"column":40},"skip":true},{"start":{"line":280,"column":20},"end":{"line":281,"column":40},"skip":true},{"start":{"line":282,"column":20},"end":{"line":283,"column":39},"skip":true}]},"20":{"line":288,"type":"if","locations":[{"start":{"line":288,"column":8},"end":{"line":288,"column":8},"skip":true},{"start":{"line":288,"column":8},"end":{"line":288,"column":8},"skip":true}]},"21":{"line":288,"type":"binary-expr","locations":[{"start":{"line":288,"column":12},"end":{"line":288,"column":40},"skip":true},{"start":{"line":288,"column":44},"end":{"line":288,"column":67},"skip":true}]},"22":{"line":292,"type":"binary-expr","locations":[{"start":{"line":292,"column":12},"end":{"line":292,"column":50},"skip":true},{"start":{"line":293,"column":12},"end":{"line":293,"column":53},"skip":true}]},"23":{"line":297,"type":"binary-expr","locations":[{"start":{"line":297,"column":12},"end":{"line":297,"column":79},"skip":true},{"start":{"line":298,"column":12},"end":{"line":301,"column":36},"skip":true}]},"24":{"line":303,"type":"binary-expr","locations":[{"start":{"line":303,"column":43},"end":{"line":303,"column":75},"skip":true},{"start":{"line":303,"column":79},"end":{"line":303,"column":81},"skip":true}]},"25":{"line":306,"type":"if","locations":[{"start":{"line":306,"column":8},"end":{"line":306,"column":8},"skip":true},{"start":{"line":306,"column":8},"end":{"line":306,"column":8},"skip":true}]},"26":{"line":310,"type":"if","locations":[{"start":{"line":310,"column":8},"end":{"line":310,"column":8},"skip":true},{"start":{"line":310,"column":8},"end":{"line":310,"column":8},"skip":true}]},"27":{"line":313,"type":"binary-expr","locations":[{"start":{"line":313,"column":27},"end":{"line":313,"column":43},"skip":true},{"start":{"line":313,"column":47},"end":{"line":313,"column":53},"skip":true}]},"28":{"line":317,"type":"if","locations":[{"start":{"line":317,"column":12},"end":{"line":317,"column":12},"skip":true},{"start":{"line":317,"column":12},"end":{"line":317,"column":12},"skip":true}]}},"code":["/*","example.js","","quickstart example","","instruction","    1. save this script as example.js","    2. run the shell command:","        $ npm install npmtest-gulp-check-unused-css && PORT=8081 node example.js","    3. play with the browser-demo on http://127.0.0.1:8081","*/","","","","/* istanbul instrument in package npmtest_gulp_check_unused_css */","/*jslint","    bitwise: true,","    browser: true,","    maxerr: 8,","    maxlen: 96,","    node: true,","    nomen: true,","    regexp: true,","    stupid: true","*/","(function () {","    'use strict';","    var local;","","","","    // run shared js-env code - pre-init","    (function () {","        // init local","        local = {};","        // init modeJs","        local.modeJs = (function () {","            try {","                return typeof navigator.userAgent === 'string' &&","                    typeof document.querySelector('body') === 'object' &&","                    typeof XMLHttpRequest.prototype.open === 'function' &&","                    'browser';","            } catch (errorCaughtBrowser) {","                return module.exports &&","                    typeof process.versions.node === 'string' &&","                    typeof require('http').createServer === 'function' &&","                    'node';","            }","        }());","        // init global","        local.global = local.modeJs === 'browser'","            ? window","            : global;","        // init utility2_rollup","        local = local.global.utility2_rollup || (local.modeJs === 'browser'","            ? local.global.utility2_npmtest_gulp_check_unused_css","            : global.utility2_moduleExports);","        // export local","        local.global.local = local;","    }());","    switch (local.modeJs) {","","","","    // post-init","    // run browser js-env code - post-init","    /* istanbul ignore next */","    case 'browser':","        local.testRunBrowser = function (event) {","            if (!event || (event &&","                    event.currentTarget &&","                    event.currentTarget.className &&","                    event.currentTarget.className.includes &&","                    event.currentTarget.className.includes('onreset'))) {","                // reset output","                Array.from(","                    document.querySelectorAll('body > .resettable')","                ).forEach(function (element) {","                    switch (element.tagName) {","                    case 'INPUT':","                    case 'TEXTAREA':","                        element.value = '';","                        break;","                    default:","                        element.textContent = '';","                    }","                });","            }","            switch (event && event.currentTarget && event.currentTarget.id) {","            case 'testRunButton1':","                // show tests","                if (document.querySelector('#testReportDiv1').style.display === 'none') {","                    document.querySelector('#testReportDiv1').style.display = 'block';","                    document.querySelector('#testRunButton1').textContent =","                        'hide internal test';","                    local.modeTest = true;","                    local.testRunDefault(local);","                // hide tests","                } else {","                    document.querySelector('#testReportDiv1').style.display = 'none';","                    document.querySelector('#testRunButton1').textContent = 'run internal test';","                }","                break;","            // custom-case","            default:","                break;","            }","            if (document.querySelector('#inputTextareaEval1') && (!event || (event &&","                    event.currentTarget &&","                    event.currentTarget.className &&","                    event.currentTarget.className.includes &&","                    event.currentTarget.className.includes('oneval')))) {","                // try to eval input-code","                try {","                    /*jslint evil: true*/","                    eval(document.querySelector('#inputTextareaEval1').value);","                } catch (errorCaught) {","                    console.error(errorCaught);","                }","            }","        };","        // log stderr and stdout to #outputTextareaStdout1","        ['error', 'log'].forEach(function (key) {","            console[key + '_original'] = console[key];","            console[key] = function () {","                var element;","                console[key + '_original'].apply(console, arguments);","                element = document.querySelector('#outputTextareaStdout1');","                if (!element) {","                    return;","                }","                // append text to #outputTextareaStdout1","                element.value += Array.from(arguments).map(function (arg) {","                    return typeof arg === 'string'","                        ? arg","                        : JSON.stringify(arg, null, 4);","                }).join(' ') + '\\n';","                // scroll textarea to bottom","                element.scrollTop = element.scrollHeight;","            };","        });","        // init event-handling","        ['change', 'click', 'keyup'].forEach(function (event) {","            Array.from(document.querySelectorAll('.on' + event)).forEach(function (element) {","                element.addEventListener(event, local.testRunBrowser);","            });","        });","        // run tests","        local.testRunBrowser();","        break;","","","","    // run node js-env code - post-init","    /* istanbul ignore next */","    case 'node':","        // export local","        module.exports = local;","        // require modules","        local.fs = require('fs');","        local.http = require('http');","        local.url = require('url');","        // init assets","        local.assetsDict = local.assetsDict || {};","        /* jslint-ignore-begin */","        local.assetsDict['/assets.index.template.html'] = '\\","<!doctype html>\\n\\","<html lang=\"en\">\\n\\","<head>\\n\\","<meta charset=\"UTF-8\">\\n\\","<meta name=\"viewport\" content=\"width=device-width, initial-scale=1\">\\n\\","<title>{{env.npm_package_name}} (v{{env.npm_package_version}})</title>\\n\\","<style>\\n\\","/*csslint\\n\\","    box-sizing: false,\\n\\","    universal-selector: false\\n\\","*/\\n\\","* {\\n\\","    box-sizing: border-box;\\n\\","}\\n\\","body {\\n\\","    background: #dde;\\n\\","    font-family: Arial, Helvetica, sans-serif;\\n\\","    margin: 2rem;\\n\\","}\\n\\","body > * {\\n\\","    margin-bottom: 1rem;\\n\\","}\\n\\",".utility2FooterDiv {\\n\\","    margin-top: 20px;\\n\\","    text-align: center;\\n\\","}\\n\\","</style>\\n\\","<style>\\n\\","/*csslint\\n\\","*/\\n\\","textarea {\\n\\","    font-family: monospace;\\n\\","    height: 10rem;\\n\\","    width: 100%;\\n\\","}\\n\\","textarea[readonly] {\\n\\","    background: #ddd;\\n\\","}\\n\\","</style>\\n\\","</head>\\n\\","<body>\\n\\","<!-- utility2-comment\\n\\","<div id=\"ajaxProgressDiv1\" style=\"background: #d00; height: 2px; left: 0; margin: 0; padding: 0; position: fixed; top: 0; transition: background 0.5s, width 1.5s; width: 25%;\"></div>\\n\\","utility2-comment -->\\n\\","<h1>\\n\\","<!-- utility2-comment\\n\\","    <a\\n\\","        {{#if env.npm_package_homepage}}\\n\\","        href=\"{{env.npm_package_homepage}}\"\\n\\","        {{/if env.npm_package_homepage}}\\n\\","        target=\"_blank\"\\n\\","    >\\n\\","utility2-comment -->\\n\\","        {{env.npm_package_name}} (v{{env.npm_package_version}})\\n\\","<!-- utility2-comment\\n\\","    </a>\\n\\","utility2-comment -->\\n\\","</h1>\\n\\","<h3>{{env.npm_package_description}}</h3>\\n\\","<!-- utility2-comment\\n\\","<h4><a download href=\"assets.app.js\">download standalone app</a></h4>\\n\\","<button class=\"onclick onreset\" id=\"testRunButton1\">run internal test</button><br>\\n\\","<div id=\"testReportDiv1\" style=\"display: none;\"></div>\\n\\","utility2-comment -->\\n\\","\\n\\","\\n\\","\\n\\","<label>stderr and stdout</label>\\n\\","<textarea class=\"resettable\" id=\"outputTextareaStdout1\" readonly></textarea>\\n\\","<!-- utility2-comment\\n\\","{{#if isRollup}}\\n\\","<script src=\"assets.app.js\"></script>\\n\\","{{#unless isRollup}}\\n\\","utility2-comment -->\\n\\","<script src=\"assets.utility2.rollup.js\"></script>\\n\\","<script src=\"jsonp.utility2._stateInit?callback=window.utility2._stateInit\"></script>\\n\\","<script src=\"assets.npmtest_gulp_check_unused_css.rollup.js\"></script>\\n\\","<script src=\"assets.example.js\"></script>\\n\\","<script src=\"assets.test.js\"></script>\\n\\","<!-- utility2-comment\\n\\","{{/if isRollup}}\\n\\","utility2-comment -->\\n\\","<div class=\"utility2FooterDiv\">\\n\\","    [ this app was created with\\n\\","    <a href=\"https://github.com/kaizhu256/node-utility2\" target=\"_blank\">utility2</a>\\n\\","    ]\\n\\","</div>\\n\\","</body>\\n\\","</html>\\n\\","';","        /* jslint-ignore-end */","        if (local.templateRender) {","            local.assetsDict['/'] = local.templateRender(","                local.assetsDict['/assets.index.template.html'],","                {","                    env: local.objectSetDefault(local.env, {","                        npm_package_description: 'the greatest app in the world!',","                        npm_package_name: 'my-app',","                        npm_package_nameAlias: 'my_app',","                        npm_package_version: '0.0.1'","                    })","                }","            );","        } else {","            local.assetsDict['/'] = local.assetsDict['/assets.index.template.html']","                .replace((/\\{\\{env\\.(\\w+?)\\}\\}/g), function (match0, match1) {","                    // jslint-hack","                    String(match0);","                    switch (match1) {","                    case 'npm_package_description':","                        return 'the greatest app in the world!';","                    case 'npm_package_name':","                        return 'my-app';","                    case 'npm_package_nameAlias':","                        return 'my_app';","                    case 'npm_package_version':","                        return '0.0.1';","                    }","                });","        }","        // run the cli","        if (local.global.utility2_rollup || module !== require.main) {","            break;","        }","        local.assetsDict['/assets.example.js'] =","            local.assetsDict['/assets.example.js'] ||","            local.fs.readFileSync(__filename, 'utf8');","        // bug-workaround - long $npm_package_buildCustomOrg","        /* jslint-ignore-begin */","        local.assetsDict['/assets.npmtest_gulp_check_unused_css.rollup.js'] =","            local.assetsDict['/assets.npmtest_gulp_check_unused_css.rollup.js'] ||","            local.fs.readFileSync(","                local.npmtest_gulp_check_unused_css.__dirname + '/lib.npmtest_gulp_check_unused_css.js',","                'utf8'","            ).replace((/^#!/), '//');","        /* jslint-ignore-end */","        local.assetsDict['/favicon.ico'] = local.assetsDict['/favicon.ico'] || '';","        // if $npm_config_timeout_exit exists,","        // then exit this process after $npm_config_timeout_exit ms","        if (Number(process.env.npm_config_timeout_exit)) {","            setTimeout(process.exit, Number(process.env.npm_config_timeout_exit));","        }","        // start server","        if (local.global.utility2_serverHttp1) {","            break;","        }","        process.env.PORT = process.env.PORT || '8081';","        console.error('server starting on port ' + process.env.PORT);","        local.http.createServer(function (request, response) {","            request.urlParsed = local.url.parse(request.url);","            if (local.assetsDict[request.urlParsed.pathname] !== undefined) {","                response.end(local.assetsDict[request.urlParsed.pathname]);","                return;","            }","            response.statusCode = 404;","            response.end();","        }).listen(process.env.PORT);","        break;","    }","}());",""],"l":{"26":2,"28":2,"33":2,"35":2,"37":2,"38":2,"39":2,"44":1,"51":2,"55":2,"59":2,"61":2,"69":1,"70":2,"76":2,"79":2,"82":2,"83":2,"85":1,"89":2,"92":1,"93":1,"94":1,"96":1,"97":1,"100":1,"101":1,"103":1,"106":1,"108":2,"114":1,"116":1,"118":1,"123":1,"124":2,"125":2,"126":3,"127":3,"128":3,"129":3,"130":1,"133":3,"134":3,"139":3,"143":1,"144":3,"145":1,"149":1,"150":1,"158":1,"160":1,"161":1,"162":1,"164":1,"166":1,"258":1,"259":1,"271":1,"274":6,"275":6,"277":1,"279":2,"281":1,"283":2,"288":1,"289":1,"291":1,"296":1,"303":1,"306":1,"307":1,"310":1,"311":1,"313":1,"314":1,"315":1,"316":1,"317":1,"318":1,"319":1,"321":1,"322":1,"324":1}},"/home/travis/build/npmtest/node-npmtest-gulp-check-unused-css/node_modules/gulp-check-unused-css/src/check-css.js":{"path":"/home/travis/build/npmtest/node-npmtest-gulp-check-unused-css/node_modules/gulp-check-unused-css/src/check-css.js","s":{"1":1,"2":1,"3":1,"4":0,"5":0,"6":0,"7":0,"8":0,"9":0,"10":1,"11":0,"12":0,"13":0,"14":0,"15":0,"16":1,"17":0,"18":0,"19":0,"20":0,"21":0,"22":0,"23":0,"24":0,"25":0,"26":0,"27":0,"28":0,"29":1,"30":0,"31":0,"32":0,"33":0,"34":0,"35":0,"36":0,"37":0,"38":0,"39":0,"40":0,"41":0,"42":0,"43":0,"44":0,"45":0,"46":0,"47":0,"48":0,"49":0,"50":0,"51":0,"52":0,"53":0,"54":0,"55":0,"56":0,"57":0,"58":0,"59":0,"60":0,"61":0,"62":0,"63":0,"64":0,"65":0,"66":0,"67":0,"68":0,"69":0,"70":0,"71":0,"72":0,"73":0,"74":0,"75":0,"76":0,"77":0,"78":0,"79":0,"80":0,"81":0,"82":0,"83":0,"84":0,"85":0,"86":1},"b":{"1":[0,0],"2":[0,0],"3":[0,0],"4":[0,0],"5":[0,0],"6":[0,0],"7":[0,0],"8":[0,0],"9":[0,0],"10":[0,0],"11":[0,0],"12":[0,0],"13":[0,0],"14":[0,0],"15":[0,0],"16":[0,0],"17":[0,0],"18":[0,0],"19":[0,0],"20":[0,0],"21":[0,0],"22":[0,0],"23":[0,0],"24":[0,0],"25":[0,0],"26":[0,0],"27":[0,0]},"f":{"1":0,"2":0,"3":0,"4":0,"5":0,"6":0,"7":0,"8":0,"9":0,"10":0,"11":0,"12":0,"13":0,"14":0},"fnMap":{"1":{"name":"shouldIgnore","line":33,"loc":{"start":{"line":33,"column":0},"end":{"line":33,"column":31}}},"2":{"name":"(anonymous_2)","line":36,"loc":{"start":{"line":36,"column":11},"end":{"line":36,"column":34}}},"3":{"name":"filterIgnored","line":49,"loc":{"start":{"line":49,"column":0},"end":{"line":49,"column":33}}},"4":{"name":"(anonymous_4)","line":52,"loc":{"start":{"line":52,"column":11},"end":{"line":52,"column":29}}},"5":{"name":"getDefinedClasses","line":66,"loc":{"start":{"line":66,"column":0},"end":{"line":66,"column":41}}},"6":{"name":"(anonymous_6)","line":69,"loc":{"start":{"line":69,"column":11},"end":{"line":69,"column":28}}},"7":{"name":"(anonymous_7)","line":78,"loc":{"start":{"line":78,"column":32},"end":{"line":78,"column":53}}},"8":{"name":"(anonymous_8)","line":84,"loc":{"start":{"line":84,"column":29},"end":{"line":84,"column":47}}},"9":{"name":"checkCSS","line":94,"loc":{"start":{"line":94,"column":0},"end":{"line":94,"column":26}}},"10":{"name":"(anonymous_10)","line":110,"loc":{"start":{"line":110,"column":30},"end":{"line":110,"column":49}}},"11":{"name":"onopentag","line":122,"loc":{"start":{"line":122,"column":19},"end":{"line":122,"column":55}}},"12":{"name":"(anonymous_12)","line":131,"loc":{"start":{"line":131,"column":25},"end":{"line":131,"column":47}}},"13":{"name":"(anonymous_13)","line":139,"loc":{"start":{"line":139,"column":33},"end":{"line":139,"column":61}}},"14":{"name":"(anonymous_14)","line":173,"loc":{"start":{"line":173,"column":28},"end":{"line":173,"column":39}}}},"statementMap":{"1":{"start":{"line":13,"column":0},"end":{"line":25,"column":42}},"2":{"start":{"line":27,"column":0},"end":{"line":30,"column":50}},"3":{"start":{"line":33,"column":0},"end":{"line":47,"column":1}},"4":{"start":{"line":36,"column":4},"end":{"line":46,"column":6}},"5":{"start":{"line":38,"column":8},"end":{"line":40,"column":9}},"6":{"start":{"line":39,"column":12},"end":{"line":39,"column":44}},"7":{"start":{"line":42,"column":8},"end":{"line":44,"column":9}},"8":{"start":{"line":43,"column":12},"end":{"line":43,"column":40}},"9":{"start":{"line":45,"column":8},"end":{"line":45,"column":20}},"10":{"start":{"line":49,"column":0},"end":{"line":62,"column":1}},"11":{"start":{"line":52,"column":4},"end":{"line":61,"column":6}},"12":{"start":{"line":53,"column":8},"end":{"line":54,"column":87}},"13":{"start":{"line":57,"column":8},"end":{"line":59,"column":9}},"14":{"start":{"line":58,"column":12},"end":{"line":58,"column":65}},"15":{"start":{"line":60,"column":8},"end":{"line":60,"column":46}},"16":{"start":{"line":66,"column":0},"end":{"line":91,"column":1}},"17":{"start":{"line":69,"column":4},"end":{"line":90,"column":6}},"18":{"start":{"line":70,"column":8},"end":{"line":72,"column":9}},"19":{"start":{"line":71,"column":12},"end":{"line":71,"column":19}},"20":{"start":{"line":74,"column":8},"end":{"line":76,"column":9}},"21":{"start":{"line":75,"column":12},"end":{"line":75,"column":19}},"22":{"start":{"line":78,"column":8},"end":{"line":89,"column":11}},"23":{"start":{"line":79,"column":12},"end":{"line":79,"column":56}},"24":{"start":{"line":80,"column":12},"end":{"line":82,"column":13}},"25":{"start":{"line":81,"column":16},"end":{"line":81,"column":23}},"26":{"start":{"line":84,"column":12},"end":{"line":88,"column":15}},"27":{"start":{"line":85,"column":16},"end":{"line":87,"column":17}},"28":{"start":{"line":86,"column":20},"end":{"line":86,"column":60}},"29":{"start":{"line":94,"column":0},"end":{"line":210,"column":1}},"30":{"start":{"line":97,"column":4},"end":{"line":97,"column":17}},"31":{"start":{"line":98,"column":4},"end":{"line":98,"column":21}},"32":{"start":{"line":99,"column":4},"end":{"line":99,"column":24}},"33":{"start":{"line":101,"column":4},"end":{"line":103,"column":5}},"34":{"start":{"line":102,"column":8},"end":{"line":102,"column":18}},"35":{"start":{"line":105,"column":4},"end":{"line":106,"column":38}},"36":{"start":{"line":109,"column":4},"end":{"line":118,"column":5}},"37":{"start":{"line":110,"column":8},"end":{"line":116,"column":11}},"38":{"start":{"line":111,"column":12},"end":{"line":115,"column":13}},"39":{"start":{"line":112,"column":16},"end":{"line":112,"column":79}},"40":{"start":{"line":113,"column":19},"end":{"line":115,"column":13}},"41":{"start":{"line":114,"column":16},"end":{"line":114,"column":54}},"42":{"start":{"line":117,"column":8},"end":{"line":117,"column":38}},"43":{"start":{"line":121,"column":4},"end":{"line":137,"column":7}},"44":{"start":{"line":123,"column":12},"end":{"line":123,"column":25}},"45":{"start":{"line":125,"column":12},"end":{"line":125,"column":81}},"46":{"start":{"line":127,"column":12},"end":{"line":129,"column":13}},"47":{"start":{"line":128,"column":16},"end":{"line":128,"column":71}},"48":{"start":{"line":131,"column":12},"end":{"line":135,"column":15}},"49":{"start":{"line":132,"column":16},"end":{"line":134,"column":17}},"50":{"start":{"line":133,"column":20},"end":{"line":133,"column":50}},"51":{"start":{"line":139,"column":4},"end":{"line":169,"column":7}},"52":{"start":{"line":140,"column":8},"end":{"line":140,"column":24}},"53":{"start":{"line":142,"column":8},"end":{"line":145,"column":9}},"54":{"start":{"line":143,"column":12},"end":{"line":143,"column":30}},"55":{"start":{"line":144,"column":12},"end":{"line":144,"column":26}},"56":{"start":{"line":147,"column":8},"end":{"line":149,"column":9}},"57":{"start":{"line":148,"column":12},"end":{"line":148,"column":91}},"58":{"start":{"line":151,"column":8},"end":{"line":151,"column":16}},"59":{"start":{"line":154,"column":8},"end":{"line":164,"column":9}},"60":{"start":{"line":155,"column":12},"end":{"line":155,"column":74}},"61":{"start":{"line":157,"column":12},"end":{"line":159,"column":13}},"62":{"start":{"line":158,"column":16},"end":{"line":158,"column":84}},"63":{"start":{"line":163,"column":12},"end":{"line":163,"column":56}},"64":{"start":{"line":167,"column":8},"end":{"line":167,"column":26}},"65":{"start":{"line":168,"column":8},"end":{"line":168,"column":15}},"66":{"start":{"line":173,"column":4},"end":{"line":207,"column":7}},"67":{"start":{"line":174,"column":8},"end":{"line":177,"column":31}},"68":{"start":{"line":180,"column":8},"end":{"line":180,"column":68}},"69":{"start":{"line":181,"column":8},"end":{"line":181,"column":68}},"70":{"start":{"line":183,"column":8},"end":{"line":183,"column":69}},"71":{"start":{"line":184,"column":8},"end":{"line":184,"column":69}},"72":{"start":{"line":186,"column":8},"end":{"line":189,"column":9}},"73":{"start":{"line":187,"column":12},"end":{"line":187,"column":53}},"74":{"start":{"line":188,"column":12},"end":{"line":188,"column":31}},"75":{"start":{"line":190,"column":8},"end":{"line":195,"column":9}},"76":{"start":{"line":191,"column":12},"end":{"line":193,"column":13}},"77":{"start":{"line":192,"column":16},"end":{"line":192,"column":62}},"78":{"start":{"line":194,"column":12},"end":{"line":194,"column":33}},"79":{"start":{"line":197,"column":8},"end":{"line":206,"column":9}},"80":{"start":{"line":198,"column":12},"end":{"line":200,"column":13}},"81":{"start":{"line":199,"column":16},"end":{"line":199,"column":111}},"82":{"start":{"line":201,"column":12},"end":{"line":203,"column":13}},"83":{"start":{"line":202,"column":16},"end":{"line":202,"column":116}},"84":{"start":{"line":205,"column":12},"end":{"line":205,"column":78}},"85":{"start":{"line":209,"column":4},"end":{"line":209,"column":21}},"86":{"start":{"line":212,"column":0},"end":{"line":212,"column":26}}},"branchMap":{"1":{"line":38,"type":"if","locations":[{"start":{"line":38,"column":8},"end":{"line":38,"column":8}},{"start":{"line":38,"column":8},"end":{"line":38,"column":8}}]},"2":{"line":42,"type":"if","locations":[{"start":{"line":42,"column":8},"end":{"line":42,"column":8}},{"start":{"line":42,"column":8},"end":{"line":42,"column":8}}]},"3":{"line":54,"type":"cond-expr","locations":[{"start":{"line":54,"column":40},"end":{"line":54,"column":78}},{"start":{"line":54,"column":81},"end":{"line":54,"column":86}}]},"4":{"line":57,"type":"if","locations":[{"start":{"line":57,"column":8},"end":{"line":57,"column":8}},{"start":{"line":57,"column":8},"end":{"line":57,"column":8}}]},"5":{"line":60,"type":"cond-expr","locations":[{"start":{"line":60,"column":28},"end":{"line":60,"column":33}},{"start":{"line":60,"column":36},"end":{"line":60,"column":45}}]},"6":{"line":70,"type":"if","locations":[{"start":{"line":70,"column":8},"end":{"line":70,"column":8}},{"start":{"line":70,"column":8},"end":{"line":70,"column":8}}]},"7":{"line":74,"type":"if","locations":[{"start":{"line":74,"column":8},"end":{"line":74,"column":8}},{"start":{"line":74,"column":8},"end":{"line":74,"column":8}}]},"8":{"line":80,"type":"if","locations":[{"start":{"line":80,"column":12},"end":{"line":80,"column":12}},{"start":{"line":80,"column":12},"end":{"line":80,"column":12}}]},"9":{"line":85,"type":"if","locations":[{"start":{"line":85,"column":16},"end":{"line":85,"column":16}},{"start":{"line":85,"column":16},"end":{"line":85,"column":16}}]},"10":{"line":101,"type":"if","locations":[{"start":{"line":101,"column":4},"end":{"line":101,"column":4}},{"start":{"line":101,"column":4},"end":{"line":101,"column":4}}]},"11":{"line":106,"type":"binary-expr","locations":[{"start":{"line":106,"column":17},"end":{"line":106,"column":28}},{"start":{"line":106,"column":32},"end":{"line":106,"column":37}}]},"12":{"line":109,"type":"if","locations":[{"start":{"line":109,"column":4},"end":{"line":109,"column":4}},{"start":{"line":109,"column":4},"end":{"line":109,"column":4}}]},"13":{"line":111,"type":"if","locations":[{"start":{"line":111,"column":12},"end":{"line":111,"column":12}},{"start":{"line":111,"column":12},"end":{"line":111,"column":12}}]},"14":{"line":113,"type":"if","locations":[{"start":{"line":113,"column":19},"end":{"line":113,"column":19}},{"start":{"line":113,"column":19},"end":{"line":113,"column":19}}]},"15":{"line":127,"type":"if","locations":[{"start":{"line":127,"column":12},"end":{"line":127,"column":12}},{"start":{"line":127,"column":12},"end":{"line":127,"column":12}}]},"16":{"line":132,"type":"if","locations":[{"start":{"line":132,"column":16},"end":{"line":132,"column":16}},{"start":{"line":132,"column":16},"end":{"line":132,"column":16}}]},"17":{"line":142,"type":"if","locations":[{"start":{"line":142,"column":8},"end":{"line":142,"column":8}},{"start":{"line":142,"column":8},"end":{"line":142,"column":8}}]},"18":{"line":147,"type":"if","locations":[{"start":{"line":147,"column":8},"end":{"line":147,"column":8}},{"start":{"line":147,"column":8},"end":{"line":147,"column":8}}]},"19":{"line":157,"type":"if","locations":[{"start":{"line":157,"column":12},"end":{"line":157,"column":12}},{"start":{"line":157,"column":12},"end":{"line":157,"column":12}}]},"20":{"line":186,"type":"if","locations":[{"start":{"line":186,"column":8},"end":{"line":186,"column":8}},{"start":{"line":186,"column":8},"end":{"line":186,"column":8}}]},"21":{"line":186,"type":"binary-expr","locations":[{"start":{"line":186,"column":13},"end":{"line":186,"column":34}},{"start":{"line":186,"column":38},"end":{"line":186,"column":51}}]},"22":{"line":190,"type":"if","locations":[{"start":{"line":190,"column":8},"end":{"line":190,"column":8}},{"start":{"line":190,"column":8},"end":{"line":190,"column":8}}]},"23":{"line":190,"type":"binary-expr","locations":[{"start":{"line":190,"column":13},"end":{"line":190,"column":31}},{"start":{"line":190,"column":35},"end":{"line":190,"column":49}}]},"24":{"line":191,"type":"if","locations":[{"start":{"line":191,"column":12},"end":{"line":191,"column":12}},{"start":{"line":191,"column":12},"end":{"line":191,"column":12}}]},"25":{"line":197,"type":"if","locations":[{"start":{"line":197,"column":8},"end":{"line":197,"column":8}},{"start":{"line":197,"column":8},"end":{"line":197,"column":8}}]},"26":{"line":198,"type":"if","locations":[{"start":{"line":198,"column":12},"end":{"line":198,"column":12}},{"start":{"line":198,"column":12},"end":{"line":198,"column":12}}]},"27":{"line":201,"type":"if","locations":[{"start":{"line":201,"column":12},"end":{"line":201,"column":12}},{"start":{"line":201,"column":12},"end":{"line":201,"column":12}}]}},"code":["; // jshint ignore:line","","/**"," *  Copyright 2014 Zalando SE"," *"," *  Licensed under the Apache License, Version 2.0 (the \"License\");"," *  you may not use this file except in compliance with the License."," *  You may obtain a copy of the License at"," *"," *  http://www.apache.org/licenses/LICENSE-2.0","**/","","var gutil = require( 'gulp-util' ),     // for gulp plugin error","    through = require( 'through2' ),    // stream library","    css = require( 'css' ),             // css parser","    html = require( 'htmlparser2' ),    // html parser,","    _ = require( 'lodash' ),            // lodash for utilities","","    Regular = require( './collector/regular' ),","    regularClass = new Regular(),","","    Angular = require( './collector/angular' ),","    angularClass = new Angular(),","","    PLUGIN_NAME = 'gulp-check-unused-css';","","var definedClasses = [],","    globals = [],","    usedClasses = [],","    CLASS_REGEX = /\\.[a-zA-Z](?:[0-9A-Za-z_-])*/g;  // leading dot & a letter & digits, letters, _ or -","","// checks whether a class should be ignored","function shouldIgnore( clazz ) {","    'use strict';","","    return function( ignoreRule ) {","        // we ignore it if an ignore regex matches","        if ( _.isRegExp( ignoreRule ) ) {","            return ignoreRule.test( clazz );","        }","        // we ignore it if an ignore string is equal","        if ( _.isString( ignoreRule ) ) {","            return ignoreRule === clazz;","        }","        return true;","    };","}","","function filterIgnored( ignore ) {","    'use strict';","","    return function( clazz ) {","        var ignoreThis = false,","            isGlobal = globals.length ? _.indexOf( globals, clazz, true ) >= 0 : false;","","        // check if we should ignore this class","        if ( ignore ) {","            ignoreThis = _.some( ignore, shouldIgnore( clazz ) );","        }","        return ignoreThis ? false : !isGlobal;","    };","}","","// checks if the selectors of a CSS rule are a class","// an adds them to the defined classes","function getDefinedClasses( collection ) {","    'use strict';","","    return function( rule ) {","        if ( rule.type !== 'rule' ) {","            return;","        }","        ","        if ( !rule.selectors ) {","            return;","        }","","        rule.selectors.forEach( function( selector ) {","            var matches = selector.match( CLASS_REGEX );","            if ( !matches ) {","                return;","            }","","            _.each( matches, function( match ) {","                if ( _.indexOf( collection, match ) === -1 ) {","                    collection.push( match.substring( 1 ) );","                }","            });","        });","    };","}","","// actual function that gets exported","function checkCSS( opts ) {","    'use strict';","","    globals = [];","    usedClasses = [];","    definedClasses = [];","","    if ( typeof opts === 'undefined' ) {","        opts = {};","    }","","    var error,","        ignore = opts.ignore || false;","","    // import global classes","    if ( opts.globals ) {","        opts.globals.forEach( function( global ) {","            if ( _.isString( global ) ) {","                globals.push.apply( globals, require( './global/' + global ) );","            } else if ( _.isArray( global ) ) {","                globals.push.apply( globals, global );","            }","        });","        globals = _.sortBy( globals );","    }","","    // create html parser","    var htmlparser = new html.Parser({","        onopentag: function onopentag( name, attribs ) {","            var all = [];","            ","            all.push.apply( all, regularClass.collect( attribs, opts.angular ) );","","            if ( opts.angular ) {","                all.push.apply( all, angularClass.collect( attribs ) );","            }","","            _.each( all, function( usedClass ) {","                if ( _.indexOf( usedClasses, usedClass ) === -1 ) {","                    usedClasses.push( usedClass );","                }","            });","        }","    });","","    var transform = through.obj( function( file, enc, done ) {","        var self = this;","","        if ( file.isNull() ) {","            self.push( file );","            return done();","        }","","        if ( file.isStream()) {","            return done( new gutil.PluginError( PLUGIN_NAME, 'Streaming not supported' ) );","        }","","        var ast;","","        // first try to parse css","        try {","            ast = css.parse( String( file.contents ), { silent: false } );","            // find all classes in CSS","            if ( ast.stylesheet ) {","                ast.stylesheet.rules.forEach( getDefinedClasses( definedClasses ) );","            }","        } catch( ex ) {","            // if it doesn't work, put it into html parser","            // this has to work because in worst case no onOpenTag will be triggered","            htmlparser.write( String( file.contents ) );","        }","","        // just emit the file for later use","        self.push( file );","        done();","    });","","    // we have to wait until we received all files","    // otherwise we would throw an error after the first one","    transform.on( 'finish', function() {","        var badHTML,","            badCSS,","            usedUndefined = [], // in HTML, but not in CSS","            definedUnused = []; // in CSS, but not in HTML","","","        definedUnused = _.difference( definedClasses, usedClasses );    // only in CSS","        usedUndefined = _.difference( usedClasses, definedClasses );    // only in HTML","","        badHTML = _.filter( usedUndefined, filterIgnored( ignore ) );","        badCSS =  _.filter( definedUnused, filterIgnored( ignore ) );","","        if ( definedClasses.length && badCSS.length ) {","            error = new Error( 'Unused CSS classes');","            error.css = badCSS;","        }","        if ( usedClasses.length && badHTML.length ) {","            if ( !error ) {","                error = new Error( 'Undefined HTML classes' );","            }","            error.html = badHTML;","        }","","        if ( error ) {","            if ( error.css ) {","                gutil.log.apply( gutil, [ gutil.colors.cyan( 'Unused CSS classes' ), error.css.join( ' ' ) ] );","            }","            if ( error.html ) {","                gutil.log.apply( gutil, [ gutil.colors.cyan( 'Undefined HTML classes' ), error.html.join( ' ' ) ] );","            }","","            this.emit( 'error', new gutil.PluginError( PLUGIN_NAME, error ) );","        }","    });","","    return transform;","}","","module.exports = checkCSS;",""],"l":{"13":1,"27":1,"33":1,"36":0,"38":0,"39":0,"42":0,"43":0,"45":0,"49":1,"52":0,"53":0,"57":0,"58":0,"60":0,"66":1,"69":0,"70":0,"71":0,"74":0,"75":0,"78":0,"79":0,"80":0,"81":0,"84":0,"85":0,"86":0,"94":1,"97":0,"98":0,"99":0,"101":0,"102":0,"105":0,"109":0,"110":0,"111":0,"112":0,"113":0,"114":0,"117":0,"121":0,"123":0,"125":0,"127":0,"128":0,"131":0,"132":0,"133":0,"139":0,"140":0,"142":0,"143":0,"144":0,"147":0,"148":0,"151":0,"154":0,"155":0,"157":0,"158":0,"163":0,"167":0,"168":0,"173":0,"174":0,"180":0,"181":0,"183":0,"184":0,"186":0,"187":0,"188":0,"190":0,"191":0,"192":0,"194":0,"197":0,"198":0,"199":0,"201":0,"202":0,"205":0,"209":0,"212":1}},"/home/travis/build/npmtest/node-npmtest-gulp-check-unused-css/node_modules/gulp-check-unused-css/src/collector/regular.js":{"path":"/home/travis/build/npmtest/node-npmtest-gulp-check-unused-css/node_modules/gulp-check-unused-css/src/collector/regular.js","s":{"1":1,"2":1,"3":0,"4":0,"5":0,"6":1},"b":{"1":[0,0],"2":[0,0]},"f":{"1":1,"2":0,"3":0},"fnMap":{"1":{"name":"regularCollector","line":1,"loc":{"start":{"line":1,"column":0},"end":{"line":1,"column":28}}},"2":{"name":"collect","line":2,"loc":{"start":{"line":2,"column":19},"end":{"line":2,"column":66}}},"3":{"name":"(anonymous_3)","line":8,"loc":{"start":{"line":8,"column":29},"end":{"line":8,"column":47}}}},"statementMap":{"1":{"start":{"line":1,"column":0},"end":{"line":14,"column":1}},"2":{"start":{"line":2,"column":4},"end":{"line":13,"column":5}},"3":{"start":{"line":3,"column":8},"end":{"line":3,"column":45}},"4":{"start":{"line":5,"column":8},"end":{"line":12,"column":21}},"5":{"start":{"line":9,"column":24},"end":{"line":9,"column":88}},"6":{"start":{"line":16,"column":0},"end":{"line":16,"column":34}}},"branchMap":{"1":{"line":5,"type":"cond-expr","locations":[{"start":{"line":6,"column":16},"end":{"line":10,"column":22}},{"start":{"line":12,"column":18},"end":{"line":12,"column":20}}]},"2":{"line":9,"type":"cond-expr","locations":[{"start":{"line":9,"column":48},"end":{"line":9,"column":80}},{"start":{"line":9,"column":83},"end":{"line":9,"column":87}}]}},"code":["function regularCollector() {","    this.collect = function collect( attributes, angularSupport ) {","        var hasClass = attributes[ 'class' ];","        ","        return hasClass ?","                hasClass","                    .split( ' ' )","                    .filter( function( clazz ) {","                        return angularSupport ? clazz.substring( 0, 2 ) !== '{{' : true;","                    })","","                : [];","    }","}","","module.exports = regularCollector;"],"l":{"1":1,"2":1,"3":0,"5":0,"9":0,"16":1}},"/home/travis/build/npmtest/node-npmtest-gulp-check-unused-css/node_modules/gulp-check-unused-css/src/collector/angular.js":{"path":"/home/travis/build/npmtest/node-npmtest-gulp-check-unused-css/node_modules/gulp-check-unused-css/src/collector/angular.js","s":{"1":1,"2":1,"3":1,"4":1,"5":0,"6":0,"7":0,"8":0,"9":0,"10":0,"11":0,"12":0,"13":0,"14":0,"15":0,"16":0,"17":0,"18":0,"19":0,"20":0,"21":0,"22":0,"23":1},"b":{"1":[0,0],"2":[0,0],"3":[0,0],"4":[0,0],"5":[0,0],"6":[0,0]},"f":{"1":1,"2":0,"3":0,"4":0,"5":0,"6":0,"7":0,"8":0},"fnMap":{"1":{"name":"angularCollector","line":5,"loc":{"start":{"line":5,"column":0},"end":{"line":5,"column":28}}},"2":{"name":"collect","line":6,"loc":{"start":{"line":6,"column":19},"end":{"line":6,"column":50}}},"3":{"name":"(anonymous_3)","line":13,"loc":{"start":{"line":13,"column":18},"end":{"line":13,"column":35}}},"4":{"name":"(anonymous_4)","line":21,"loc":{"start":{"line":21,"column":14},"end":{"line":21,"column":30}}},"5":{"name":"(anonymous_5)","line":28,"loc":{"start":{"line":28,"column":26},"end":{"line":28,"column":48}}},"6":{"name":"(anonymous_6)","line":31,"loc":{"start":{"line":31,"column":26},"end":{"line":31,"column":44}}},"7":{"name":"(anonymous_7)","line":46,"loc":{"start":{"line":46,"column":17},"end":{"line":46,"column":35}}},"8":{"name":"(anonymous_8)","line":49,"loc":{"start":{"line":49,"column":18},"end":{"line":49,"column":33}}}},"statementMap":{"1":{"start":{"line":1,"column":0},"end":{"line":1,"column":28}},"2":{"start":{"line":3,"column":0},"end":{"line":3,"column":45}},"3":{"start":{"line":5,"column":0},"end":{"line":55,"column":1}},"4":{"start":{"line":6,"column":4},"end":{"line":54,"column":5}},"5":{"start":{"line":7,"column":8},"end":{"line":8,"column":22}},"6":{"start":{"line":11,"column":8},"end":{"line":17,"column":11}},"7":{"start":{"line":14,"column":12},"end":{"line":16,"column":13}},"8":{"start":{"line":15,"column":16},"end":{"line":15,"column":34}},"9":{"start":{"line":20,"column":8},"end":{"line":51,"column":11}},"10":{"start":{"line":23,"column":12},"end":{"line":44,"column":13}},"11":{"start":{"line":26,"column":16},"end":{"line":37,"column":23}},"12":{"start":{"line":29,"column":24},"end":{"line":29,"column":82}},"13":{"start":{"line":32,"column":24},"end":{"line":32,"column":71}},"14":{"start":{"line":33,"column":24},"end":{"line":35,"column":25}},"15":{"start":{"line":34,"column":28},"end":{"line":34,"column":47}},"16":{"start":{"line":36,"column":24},"end":{"line":36,"column":41}},"17":{"start":{"line":38,"column":19},"end":{"line":44,"column":13}},"18":{"start":{"line":40,"column":16},"end":{"line":40,"column":90}},"19":{"start":{"line":43,"column":16},"end":{"line":43,"column":26}},"20":{"start":{"line":47,"column":12},"end":{"line":47,"column":43}},"21":{"start":{"line":50,"column":12},"end":{"line":50,"column":46}},"22":{"start":{"line":53,"column":8},"end":{"line":53,"column":23}},"23":{"start":{"line":57,"column":0},"end":{"line":57,"column":34}}},"branchMap":{"1":{"line":14,"type":"if","locations":[{"start":{"line":14,"column":12},"end":{"line":14,"column":12}},{"start":{"line":14,"column":12},"end":{"line":14,"column":12}}]},"2":{"line":14,"type":"binary-expr","locations":[{"start":{"line":14,"column":17},"end":{"line":14,"column":36}},{"start":{"line":14,"column":40},"end":{"line":14,"column":67}}]},"3":{"line":23,"type":"if","locations":[{"start":{"line":23,"column":12},"end":{"line":23,"column":12}},{"start":{"line":23,"column":12},"end":{"line":23,"column":12}}]},"4":{"line":33,"type":"if","locations":[{"start":{"line":33,"column":24},"end":{"line":33,"column":24}},{"start":{"line":33,"column":24},"end":{"line":33,"column":24}}]},"5":{"line":33,"type":"binary-expr","locations":[{"start":{"line":33,"column":29},"end":{"line":33,"column":35}},{"start":{"line":33,"column":39},"end":{"line":33,"column":52}}]},"6":{"line":38,"type":"if","locations":[{"start":{"line":38,"column":19},"end":{"line":38,"column":19}},{"start":{"line":38,"column":19},"end":{"line":38,"column":19}}]}},"code":["var _ = require( 'lodash' );","","var NG_TAG = /((data|x)[-:_])?ng[-:_]class/i;","","function angularCollector() {","    this.collect = function collect( attributes ) {","        var classes = [],","            tags = [];","","        // collect all angular class tags in the attributes","        Object","        .keys( attributes )","        .forEach( function( attr ) {","            if ( NG_TAG.test( attr ) && tags.indexOf( attr ) === -1 ) {","                tags.push( attr );","            }","        });","","        // now get dem classes","        tags","        .map( function( tag ) {","            // assuming { condition: value } here","            if ( attributes[ tag ][ 0 ] === '{' ) {","","","                return attributes[ tag ]","                    .split( ',' )","                    .map( function( statement ) {","                        return statement.substring( 0, statement.indexOf( ':' ) );","                    })","                    .map( function( clazz ) {","                        var result = clazz.match( /[a-zA-Z0-9-_]+/gi );","                        if ( result && result.length ) {","                            return result[ 0 ];","                        }","                        return undefined;","                    });","            } else if ( [ '\\'', '\"' ].indexOf( attributes[ tag ][ 0 ] ) >= 0 ) {","                // it's a string we need to check","                return [ attributes[ tag ].substring( 1, attributes[ tag ].length - 1 ) ];","            } else {","                // it's a variable, ignore","                return [];","            }","        })","        .filter( function( clazz ) {","            return !_.isUndefined( clazz );","        })","        .forEach( function( cs ) {","            classes.push.apply( classes, cs );","        });","","        return classes;","    }","}","","module.exports = angularCollector;"],"l":{"1":1,"3":1,"5":1,"6":1,"7":0,"11":0,"14":0,"15":0,"20":0,"23":0,"26":0,"29":0,"32":0,"33":0,"34":0,"36":0,"38":0,"40":0,"43":0,"47":0,"50":0,"53":0,"57":1}},"/home/travis/build/npmtest/node-npmtest-gulp-check-unused-css/node_modules/gulp-check-unused-css/Gulpfile.js":{"path":"/home/travis/build/npmtest/node-npmtest-gulp-check-unused-css/node_modules/gulp-check-unused-css/Gulpfile.js","s":{"1":2,"2":1,"3":0,"4":0,"5":0,"6":0,"7":0,"8":0},"b":{"1":[0,0],"2":[0,0]},"f":{"1":0,"2":0,"3":0},"fnMap":{"1":{"name":"check","line":10,"loc":{"start":{"line":10,"column":0},"end":{"line":10,"column":17}}},"2":{"name":"(anonymous_2)","line":21,"loc":{"start":{"line":21,"column":20},"end":{"line":21,"column":31}}},"3":{"name":"(anonymous_3)","line":25,"loc":{"start":{"line":25,"column":21},"end":{"line":25,"column":32}}}},"statementMap":{"1":{"start":{"line":1,"column":0},"end":{"line":8,"column":44}},"2":{"start":{"line":10,"column":0},"end":{"line":16,"column":1}},"3":{"start":{"line":11,"column":4},"end":{"line":15,"column":59}},"4":{"start":{"line":18,"column":0},"end":{"line":18,"column":28}},"5":{"start":{"line":21,"column":0},"end":{"line":23,"column":3}},"6":{"start":{"line":22,"column":4},"end":{"line":22,"column":55}},"7":{"start":{"line":25,"column":0},"end":{"line":29,"column":3}},"8":{"start":{"line":26,"column":4},"end":{"line":28,"column":57}}},"branchMap":{"1":{"line":13,"type":"cond-expr","locations":[{"start":{"line":13,"column":27},"end":{"line":13,"column":39}},{"start":{"line":13,"column":42},"end":{"line":13,"column":51}}]},"2":{"line":15,"type":"cond-expr","locations":[{"start":{"line":15,"column":27},"end":{"line":15,"column":39}},{"start":{"line":15,"column":42},"end":{"line":15,"column":56}}]}},"code":["var gulp = require( 'gulp' ),","    cssmin = require( 'gulp-cssmin' ),","    watch = require( 'gulp-watch' ),","    plumber = require( 'gulp-plumber' ),","    jshint = require( 'gulp-jshint' ),","    gutil = require( 'gulp-util' ),","    argv = require('minimist')(process.argv.slice(2)),","    checkCSS = require( './src/check-css' );","","function check() {","    return gulp","        .src( 'test/bad-css/*.*' )","        .pipe( argv.exit ? gutil.noop() : plumber() )","        .pipe( checkCSS() )","        .pipe( argv.exit ? gutil.noop() : plumber.stop() );","}","","gulp.task( 'check', check );","","","gulp.task( 'watch', function() {","    return watch({ glob: 'test/bad-css/*.*' }, check );","});","","gulp.task( 'jshint', function() {","    return gulp.src( './src/check-css.js' )","            .pipe( jshint() )","            .pipe( jshint.reporter( 'jshint-stylish' ) );","});"],"l":{"1":2,"10":1,"11":0,"18":0,"21":0,"22":0,"25":0,"26":0}},"/home/travis/build/npmtest/node-npmtest-gulp-check-unused-css/node_modules/gulp-check-unused-css/src/global/bootstrap@3.2.0.js":{"path":"/home/travis/build/npmtest/node-npmtest-gulp-check-unused-css/node_modules/gulp-check-unused-css/src/global/bootstrap@3.2.0.js","s":{"1":1,"2":1},"b":{},"f":{},"fnMap":{},"statementMap":{"1":{"start":{"line":1,"column":0},"end":{"line":1,"column":9416}},"2":{"start":{"line":3,"column":0},"end":{"line":3,"column":25}}},"branchMap":{},"code":["var globals = [\"glyphicon\",\"glyphicon-asterisk\",\"glyphicon-plus\",\"glyphicon-euro\",\"glyphicon-minus\",\"glyphicon-cloud\",\"glyphicon-envelope\",\"glyphicon-pencil\",\"glyphicon-glass\",\"glyphicon-music\",\"glyphicon-search\",\"glyphicon-heart\",\"glyphicon-star\",\"glyphicon-star-empty\",\"glyphicon-user\",\"glyphicon-film\",\"glyphicon-th-large\",\"glyphicon-th\",\"glyphicon-th-list\",\"glyphicon-ok\",\"glyphicon-remove\",\"glyphicon-zoom-in\",\"glyphicon-zoom-out\",\"glyphicon-off\",\"glyphicon-signal\",\"glyphicon-cog\",\"glyphicon-trash\",\"glyphicon-home\",\"glyphicon-file\",\"glyphicon-time\",\"glyphicon-road\",\"glyphicon-download-alt\",\"glyphicon-download\",\"glyphicon-upload\",\"glyphicon-inbox\",\"glyphicon-play-circle\",\"glyphicon-repeat\",\"glyphicon-refresh\",\"glyphicon-list-alt\",\"glyphicon-lock\",\"glyphicon-flag\",\"glyphicon-headphones\",\"glyphicon-volume-off\",\"glyphicon-volume-down\",\"glyphicon-volume-up\",\"glyphicon-qrcode\",\"glyphicon-barcode\",\"glyphicon-tag\",\"glyphicon-tags\",\"glyphicon-book\",\"glyphicon-bookmark\",\"glyphicon-print\",\"glyphicon-camera\",\"glyphicon-font\",\"glyphicon-bold\",\"glyphicon-italic\",\"glyphicon-text-height\",\"glyphicon-text-width\",\"glyphicon-align-left\",\"glyphicon-align-center\",\"glyphicon-align-right\",\"glyphicon-align-justify\",\"glyphicon-list\",\"glyphicon-indent-left\",\"glyphicon-indent-right\",\"glyphicon-facetime-video\",\"glyphicon-picture\",\"glyphicon-map-marker\",\"glyphicon-adjust\",\"glyphicon-tint\",\"glyphicon-edit\",\"glyphicon-share\",\"glyphicon-check\",\"glyphicon-move\",\"glyphicon-step-backward\",\"glyphicon-fast-backward\",\"glyphicon-backward\",\"glyphicon-play\",\"glyphicon-pause\",\"glyphicon-stop\",\"glyphicon-forward\",\"glyphicon-fast-forward\",\"glyphicon-step-forward\",\"glyphicon-eject\",\"glyphicon-chevron-left\",\"glyphicon-chevron-right\",\"glyphicon-plus-sign\",\"glyphicon-minus-sign\",\"glyphicon-remove-sign\",\"glyphicon-ok-sign\",\"glyphicon-question-sign\",\"glyphicon-info-sign\",\"glyphicon-screenshot\",\"glyphicon-remove-circle\",\"glyphicon-ok-circle\",\"glyphicon-ban-circle\",\"glyphicon-arrow-left\",\"glyphicon-arrow-right\",\"glyphicon-arrow-up\",\"glyphicon-arrow-down\",\"glyphicon-share-alt\",\"glyphicon-resize-full\",\"glyphicon-resize-small\",\"glyphicon-exclamation-sign\",\"glyphicon-gift\",\"glyphicon-leaf\",\"glyphicon-fire\",\"glyphicon-eye-open\",\"glyphicon-eye-close\",\"glyphicon-warning-sign\",\"glyphicon-plane\",\"glyphicon-calendar\",\"glyphicon-random\",\"glyphicon-comment\",\"glyphicon-magnet\",\"glyphicon-chevron-up\",\"glyphicon-chevron-down\",\"glyphicon-retweet\",\"glyphicon-shopping-cart\",\"glyphicon-folder-close\",\"glyphicon-folder-open\",\"glyphicon-resize-vertical\",\"glyphicon-resize-horizontal\",\"glyphicon-hdd\",\"glyphicon-bullhorn\",\"glyphicon-bell\",\"glyphicon-certificate\",\"glyphicon-thumbs-up\",\"glyphicon-thumbs-down\",\"glyphicon-hand-right\",\"glyphicon-hand-left\",\"glyphicon-hand-up\",\"glyphicon-hand-down\",\"glyphicon-circle-arrow-right\",\"glyphicon-circle-arrow-left\",\"glyphicon-circle-arrow-up\",\"glyphicon-circle-arrow-down\",\"glyphicon-globe\",\"glyphicon-wrench\",\"glyphicon-tasks\",\"glyphicon-filter\",\"glyphicon-briefcase\",\"glyphicon-fullscreen\",\"glyphicon-dashboard\",\"glyphicon-paperclip\",\"glyphicon-heart-empty\",\"glyphicon-link\",\"glyphicon-phone\",\"glyphicon-pushpin\",\"glyphicon-usd\",\"glyphicon-gbp\",\"glyphicon-sort\",\"glyphicon-sort-by-alphabet\",\"glyphicon-sort-by-alphabet-alt\",\"glyphicon-sort-by-order\",\"glyphicon-sort-by-order-alt\",\"glyphicon-sort-by-attributes\",\"glyphicon-sort-by-attributes-alt\",\"glyphicon-unchecked\",\"glyphicon-expand\",\"glyphicon-collapse-down\",\"glyphicon-collapse-up\",\"glyphicon-log-in\",\"glyphicon-flash\",\"glyphicon-log-out\",\"glyphicon-new-window\",\"glyphicon-record\",\"glyphicon-save\",\"glyphicon-open\",\"glyphicon-saved\",\"glyphicon-import\",\"glyphicon-export\",\"glyphicon-send\",\"glyphicon-floppy-disk\",\"glyphicon-floppy-saved\",\"glyphicon-floppy-remove\",\"glyphicon-floppy-save\",\"glyphicon-floppy-open\",\"glyphicon-credit-card\",\"glyphicon-transfer\",\"glyphicon-cutlery\",\"glyphicon-header\",\"glyphicon-compressed\",\"glyphicon-earphone\",\"glyphicon-phone-alt\",\"glyphicon-tower\",\"glyphicon-stats\",\"glyphicon-sd-video\",\"glyphicon-hd-video\",\"glyphicon-subtitles\",\"glyphicon-sound-stereo\",\"glyphicon-sound-dolby\",\"glyphicon-sound-5-1\",\"glyphicon-sound-6-1\",\"glyphicon-sound-7-1\",\"glyphicon-copyright-mark\",\"glyphicon-registration-mark\",\"glyphicon-cloud-download\",\"glyphicon-cloud-upload\",\"glyphicon-tree-conifer\",\"glyphicon-tree-deciduous\",\"img-responsive\",\"thumbnail\",\"carousel-inner\",\"item\",\"img-rounded\",\"img-thumbnail\",\"img-circle\",\"sr-only\",\"sr-only-focusable\",\"h1\",\"h2\",\"h3\",\"h4\",\"h5\",\"h6\",\"small\",\"lead\",\"mark\",\"text-left\",\"text-right\",\"text-center\",\"text-justify\",\"text-nowrap\",\"text-lowercase\",\"text-uppercase\",\"text-capitalize\",\"text-muted\",\"text-primary\",\"text-success\",\"text-info\",\"text-warning\",\"text-danger\",\"bg-primary\",\"bg-success\",\"bg-info\",\"bg-warning\",\"bg-danger\",\"page-header\",\"list-unstyled\",\"list-inline\",\"initialism\",\"blockquote-reverse\",\"pull-right\",\"pre-scrollable\",\"container\",\"container-fluid\",\"row\",\"col-xs-1\",\"col-sm-1\",\"col-md-1\",\"col-lg-1\",\"col-xs-2\",\"col-sm-2\",\"col-md-2\",\"col-lg-2\",\"col-xs-3\",\"col-sm-3\",\"col-md-3\",\"col-lg-3\",\"col-xs-4\",\"col-sm-4\",\"col-md-4\",\"col-lg-4\",\"col-xs-5\",\"col-sm-5\",\"col-md-5\",\"col-lg-5\",\"col-xs-6\",\"col-sm-6\",\"col-md-6\",\"col-lg-6\",\"col-xs-7\",\"col-sm-7\",\"col-md-7\",\"col-lg-7\",\"col-xs-8\",\"col-sm-8\",\"col-md-8\",\"col-lg-8\",\"col-xs-9\",\"col-sm-9\",\"col-md-9\",\"col-lg-9\",\"col-xs-10\",\"col-sm-10\",\"col-md-10\",\"col-lg-10\",\"col-xs-11\",\"col-sm-11\",\"col-md-11\",\"col-lg-11\",\"col-xs-12\",\"col-sm-12\",\"col-md-12\",\"col-lg-12\",\"col-xs-pull-12\",\"col-xs-pull-11\",\"col-xs-pull-10\",\"col-xs-pull-9\",\"col-xs-pull-8\",\"col-xs-pull-7\",\"col-xs-pull-6\",\"col-xs-pull-5\",\"col-xs-pull-4\",\"col-xs-pull-3\",\"col-xs-pull-2\",\"col-xs-pull-1\",\"col-xs-pull-0\",\"col-xs-push-12\",\"col-xs-push-11\",\"col-xs-push-10\",\"col-xs-push-9\",\"col-xs-push-8\",\"col-xs-push-7\",\"col-xs-push-6\",\"col-xs-push-5\",\"col-xs-push-4\",\"col-xs-push-3\",\"col-xs-push-2\",\"col-xs-push-1\",\"col-xs-push-0\",\"col-xs-offset-12\",\"col-xs-offset-11\",\"col-xs-offset-10\",\"col-xs-offset-9\",\"col-xs-offset-8\",\"col-xs-offset-7\",\"col-xs-offset-6\",\"col-xs-offset-5\",\"col-xs-offset-4\",\"col-xs-offset-3\",\"col-xs-offset-2\",\"col-xs-offset-1\",\"col-xs-offset-0\",\"table\",\"table-condensed\",\"table-bordered\",\"table-striped\",\"table-hover\",\"active\",\"success\",\"info\",\"warning\",\"danger\",\"form-control\",\"input-sm\",\"input-lg\",\"form-group\",\"radio\",\"checkbox\",\"radio-inline\",\"checkbox-inline\",\"disabled\",\"form-control-static\",\"form-horizontal\",\"form-group-sm\",\"form-group-lg\",\"has-feedback\",\"form-control-feedback\",\"has-success\",\"help-block\",\"control-label\",\"input-group-addon\",\"has-warning\",\"has-error\",\"btn\",\"btn-default\",\"open\",\"dropdown-toggle\",\"badge\",\"btn-primary\",\"btn-success\",\"btn-info\",\"btn-warning\",\"btn-danger\",\"btn-link\",\"btn-lg\",\"btn-group-lg\",\"btn-sm\",\"btn-group-sm\",\"btn-xs\",\"btn-group-xs\",\"btn-block\",\"fade\",\"in\",\"collapse\",\"collapsing\",\"caret\",\"dropdown\",\"dropdown-menu\",\"divider\",\"dropdown-menu-right\",\"dropdown-menu-left\",\"dropdown-header\",\"dropdown-backdrop\",\"dropup\",\"navbar-fixed-bottom\",\"btn-group\",\"btn-group-vertical\",\"btn-toolbar\",\"input-group\",\"btn-group-justified\",\"input-group-lg\",\"input-group-btn\",\"input-group-sm\",\"nav\",\"nav-divider\",\"nav-tabs\",\"nav-justified\",\"nav-pills\",\"nav-stacked\",\"nav-tabs-justified\",\"tab-content\",\"tab-pane\",\"navbar\",\"navbar-collapse\",\"navbar-fixed-top\",\"navbar-header\",\"navbar-static-top\",\"navbar-brand\",\"navbar-toggle\",\"icon-bar\",\"navbar-nav\",\"navbar-form\",\"navbar-btn\",\"navbar-text\",\"navbar-default\",\"navbar-link\",\"navbar-inverse\",\"breadcrumb\",\"pagination\",\"pagination-lg\",\"pagination-sm\",\"pager\",\"next\",\"previous\",\"label\",\"label-default\",\"label-primary\",\"label-success\",\"label-info\",\"label-warning\",\"label-danger\",\"list-group-item\",\"jumbotron\",\"caption\",\"alert\",\"alert-link\",\"alert-dismissable\",\"alert-dismissible\",\"close\",\"alert-success\",\"alert-info\",\"alert-warning\",\"alert-danger\",\"progress\",\"progress-bar\",\"progress-striped\",\"progress-bar-striped\",\"progress-bar-success\",\"progress-bar-info\",\"progress-bar-warning\",\"progress-bar-danger\",\"media\",\"media-body\",\"media-object\",\"media-heading\",\"pull-left\",\"media-list\",\"list-group\",\"list-group-item-heading\",\"list-group-item-text\",\"list-group-item-success\",\"list-group-item-info\",\"list-group-item-warning\",\"list-group-item-danger\",\"panel\",\"panel-body\",\"panel-heading\",\"panel-title\",\"panel-footer\",\"table-responsive\",\"panel-collapse\",\"panel-group\",\"panel-default\",\"panel-primary\",\"panel-success\",\"panel-info\",\"panel-warning\",\"panel-danger\",\"embed-responsive\",\"embed-responsive-item\",\"embed-responsive-16by9\",\"embed-responsive-4by3\",\"well\",\"well-lg\",\"well-sm\",\"modal-open\",\"modal\",\"modal-dialog\",\"modal-content\",\"modal-backdrop\",\"modal-header\",\"modal-title\",\"modal-body\",\"modal-footer\",\"modal-scrollbar-measure\",\"tooltip\",\"top\",\"right\",\"bottom\",\"left\",\"tooltip-inner\",\"tooltip-arrow\",\"top-left\",\"top-right\",\"bottom-left\",\"bottom-right\",\"popover\",\"popover-title\",\"popover-content\",\"arrow\",\"carousel\",\"prev\",\"carousel-control\",\"icon-prev\",\"icon-next\",\"carousel-indicators\",\"carousel-caption\",\"clearfix\",\"dl-horizontal\",\"center-block\",\"hide\",\"show\",\"invisible\",\"text-hide\",\"hidden\",\"affix\",\"visible-xs\",\"visible-sm\",\"visible-md\",\"visible-lg\",\"visible-xs-block\",\"visible-xs-inline\",\"visible-xs-inline-block\",\"visible-sm-block\",\"visible-sm-inline\",\"visible-sm-inline-block\",\"visible-md-block\",\"visible-md-inline\",\"visible-md-inline-block\",\"visible-lg-block\",\"visible-lg-inline\",\"visible-lg-inline-block\",\"visible-print\",\"visible-print-block\",\"visible-print-inline\",\"visible-print-inline-block\"];","","module.exports = globals;"],"l":{"1":1,"3":1}}}